#                                                                            --- full sequence --- -------------- this domain -------------   hmm coord   ali coord   env coord
# target name        accession   tlen query name           accession   qlen   E-value  score  bias   #  of  c-Evalue  i-Evalue  score  bias  from    to  from    to  from    to  acc description of target
#------------------- ---------- ----- -------------------- ---------- ----- --------- ------ ----- --- --- --------- --------- ------ ----- ----- ----- ----- ----- ----- ----- ---- ---------------------
1:2142039-2142263|+  -             75 1036075at2           -            356   3.1e-20   72.2   0.2   1   1   1.7e-23   3.3e-20   72.1   0.2    35   105     2    74     1    74 0.92 1_4670 # 2142039 # 2142263 # 1 # ID=1_4670;partial=00;start_type=GTG;rbs_motif=None;rbs_spacer=None;gc_cont=0.436
1:2143242-2143637|+  -            132 1036075at2           -            356     1e-18   67.2   0.9   1   1   6.5e-22   1.3e-18   66.9   0.9   284   355    44   123    37   124 0.86 1_4674 # 2143242 # 2143637 # 1 # ID=1_4674;partial=00;start_type=ATG;rbs_motif=AAA;rbs_spacer=6bp;gc_cont=0.460
1:2142913-2143140|+  -             76 1036075at2           -            356   1.4e-09   37.1   0.1   1   1   7.4e-13   1.5e-09   37.1   0.1   196   237    13    56     1    67 0.78 1_4673 # 2142913 # 2143140 # 1 # ID=1_4673;partial=00;start_type=ATG;rbs_motif=AACAA;rbs_spacer=15bp;gc_cont=0.417
1:2142242-2142712|+  -            157 1036075at2           -            356   6.6e-07   28.3   6.4   1   2      0.35   6.9e+02   -1.3   0.0    85   100     2    17     1    28 0.86 1_4671 # 2142242 # 2142712 # 1 # ID=1_4671;partial=00;start_type=ATG;rbs_motif=None;rbs_spacer=None;gc_cont=0.395
1:2142242-2142712|+  -            157 1036075at2           -            356   6.6e-07   28.3   6.4   2   2     2e-09     4e-06   25.8   5.1    96   157    30   107    24   138 0.74 1_4671 # 2142242 # 2142712 # 1 # ID=1_4671;partial=00;start_type=ATG;rbs_motif=None;rbs_spacer=None;gc_cont=0.395
1:2141814-2141963|+  -             50 1036075at2           -            356      0.01   14.6   0.1   1   1   5.9e-06     0.012   14.4   0.1     1    19    24    44    24    47 0.85 1_4669 # 2141814 # 2141963 # 1 # ID=1_4669;partial=00;start_type=ATG;rbs_motif=None;rbs_spacer=None;gc_cont=0.367
2:316520-317125|+    -            202 1036075at2           -            356     0.023   13.4   1.6   1   1   1.9e-05     0.037   12.7   1.3   118   155   156   193   142   196 0.75 2_695 # 316520 # 317125 # 1 # ID=2_695;partial=00;start_type=ATG;rbs_motif=None;rbs_spacer=None;gc_cont=0.479
#
# Program:         hmmsearch
# Version:         3.4 (Aug 2023)
# Pipeline mode:   SEARCH
# Query file:      /home/kpchuang/Documents/03_whole_genome_assembly/01_raw_reads/long_reads_assembly/busco_downloads/lineages/bacteria_odb10/hmms/1036075at2.hmm
# Target file:     /home/kpchuang/Documents/03_whole_genome_assembly/01_raw_reads/long_reads_assembly/06_genome_quality_assessment/03_busco/long_reads_only_assembly/busco_results_long/prodigal_output/predicted_genes/predicted.faa
# Option settings: hmmsearch --domtblout /home/kpchuang/Documents/03_whole_genome_assembly/01_raw_reads/long_reads_assembly/06_genome_quality_assessment/03_busco/long_reads_only_assembly/busco_results_long/run_bacteria_odb10/hmmer_output/1036075at2.out --cpu 1 /home/kpchuang/Documents/03_whole_genome_assembly/01_raw_reads/long_reads_assembly/busco_downloads/lineages/bacteria_odb10/hmms/1036075at2.hmm /home/kpchuang/Documents/03_whole_genome_assembly/01_raw_reads/long_reads_assembly/06_genome_quality_assessment/03_busco/long_reads_only_assembly/busco_results_long/prodigal_output/predicted_genes/predicted.faa 
# Current dir:     /home/kpchuang/Documents/03_whole_genome_assembly/01_raw_reads/long_reads_assembly
# Date:            Sun Jan  4 15:52:20 2026
# [ok]
