#                                                                            --- full sequence --- -------------- this domain -------------   hmm coord   ali coord   env coord
# target name        accession   tlen query name           accession   qlen   E-value  score  bias   #  of  c-Evalue  i-Evalue  score  bias  from    to  from    to  from    to  acc description of target
#------------------- ---------- ----- -------------------- ---------- ----- --------- ------ ----- --- --- --------- --------- ------ ----- ----- ----- ----- ----- ----- ----- ---- ---------------------
1:2074700-2074999|-  -            100 1054741at2           -            333   1.3e-30  106.0   0.0   1   1   1.4e-33   1.5e-30  105.7   0.0     2    97     4    94     3    97 0.96 1_4541 # 2074700 # 2074999 # -1 # ID=1_4541;partial=00;start_type=ATG;rbs_motif=None;rbs_spacer=None;gc_cont=0.430
1:658204-658521|-    -            106 1054741at2           -            333   5.8e-26   90.6   0.0   1   1   5.9e-29   6.4e-26   90.5   0.0    43   133     6    95     1    99 0.93 1_1434 # 658204 # 658521 # -1 # ID=1_1434;partial=00;start_type=ATG;rbs_motif=AAAAA;rbs_spacer=5bp;gc_cont=0.472
1:2887324-2887716|+  -            131 1054741at2           -            333   1.4e-25   89.4   0.0   1   1   1.6e-28   1.7e-25   89.1   0.0    98   183     1    92     1    95 0.93 1_6242 # 2887324 # 2887716 # 1 # ID=1_6242;partial=00;start_type=ATG;rbs_motif=None;rbs_spacer=None;gc_cont=0.499
1:658028-658228|-    -             67 1054741at2           -            333     4e-17   61.6   0.0   1   1   3.8e-20   4.1e-17   61.5   0.0   133   193     3    64     1    66 0.92 1_1433 # 658028 # 658228 # -1 # ID=1_1433;partial=00;start_type=TTG;rbs_motif=AAAA;rbs_spacer=5bp;gc_cont=0.443
1:2887867-2888169|+  -            101 1054741at2           -            333   2.6e-09   35.9   0.0   1   1   2.9e-12   3.1e-09   35.6   0.0   260   331     3    77     1    79 0.79 1_6243 # 2887867 # 2888169 # 1 # ID=1_6243;partial=00;start_type=ATG;rbs_motif=AAA;rbs_spacer=9bp;gc_cont=0.488
1:2887125-2887343|+  -             73 1054741at2           -            333   4.4e-09   35.1   0.0   1   1   4.6e-12     5e-09   35.0   0.0    22    92     1    61     1    69 0.91 1_6241 # 2887125 # 2887343 # 1 # ID=1_6241;partial=00;start_type=ATG;rbs_motif=None;rbs_spacer=None;gc_cont=0.493
1:2074506-2074691|-  -             62 1054741at2           -            333   7.4e-07   27.8   0.0   1   1   7.4e-10     8e-07   27.7   0.0   108   149     2    49     1    57 0.79 1_4540 # 2074506 # 2074691 # -1 # ID=1_4540;partial=00;start_type=TTG;rbs_motif=AAAA;rbs_spacer=6bp;gc_cont=0.403
1:1659241-1659741|+  -            167 1054741at2           -            333   1.6e-06   26.7   0.1   1   1   1.9e-09   2.1e-06   26.4   0.1     7   123     1   113     1   116 0.80 1_3638 # 1659241 # 1659741 # 1 # ID=1_3638;partial=00;start_type=GTG;rbs_motif=AAAAAA;rbs_spacer=8bp;gc_cont=0.473
1:642504-642992|+    -            163 1054741at2           -            333     2e-06   26.4   0.0   1   2   4.3e-09   4.7e-06   25.2   0.0     4    72    20    84    18    93 0.90 1_1409 # 642504 # 642992 # 1 # ID=1_1409;partial=00;start_type=ATG;rbs_motif=None;rbs_spacer=None;gc_cont=0.464
1:642504-642992|+    -            163 1054741at2           -            333     2e-06   26.4   0.0   2   2       1.1   1.1e+03   -2.4   0.0   101   125   101   125    98   131 0.80 1_1409 # 642504 # 642992 # 1 # ID=1_1409;partial=00;start_type=ATG;rbs_motif=None;rbs_spacer=None;gc_cont=0.464
2:349436-350140|+    -            235 1054741at2           -            333    0.0045   15.4   0.0   1   1   5.8e-06    0.0062   14.9   0.0     8    72    47   116    44   172 0.83 2_757 # 349436 # 350140 # 1 # ID=2_757;partial=00;start_type=ATG;rbs_motif=AAA;rbs_spacer=10bp;gc_cont=0.522
1:2073914-2074225|-  -            104 1054741at2           -            333    0.0057   15.1   0.0   1   1   7.7e-06    0.0083   14.5   0.0   245   302     3    69     1    78 0.77 1_4538 # 2073914 # 2074225 # -1 # ID=1_4538;partial=00;start_type=GTG;rbs_motif=None;rbs_spacer=None;gc_cont=0.410
#
# Program:         hmmsearch
# Version:         3.4 (Aug 2023)
# Pipeline mode:   SEARCH
# Query file:      /home/kpchuang/Documents/03_whole_genome_assembly/01_raw_reads/long_reads_assembly/busco_downloads/lineages/bacteria_odb10/hmms/1054741at2.hmm
# Target file:     /home/kpchuang/Documents/03_whole_genome_assembly/01_raw_reads/long_reads_assembly/06_genome_quality_assessment/03_busco/long_reads_only_assembly/busco_results_long/prodigal_output/predicted_genes/predicted.faa
# Option settings: hmmsearch --domtblout /home/kpchuang/Documents/03_whole_genome_assembly/01_raw_reads/long_reads_assembly/06_genome_quality_assessment/03_busco/long_reads_only_assembly/busco_results_long/run_bacteria_odb10/hmmer_output/1054741at2.out --cpu 1 /home/kpchuang/Documents/03_whole_genome_assembly/01_raw_reads/long_reads_assembly/busco_downloads/lineages/bacteria_odb10/hmms/1054741at2.hmm /home/kpchuang/Documents/03_whole_genome_assembly/01_raw_reads/long_reads_assembly/06_genome_quality_assessment/03_busco/long_reads_only_assembly/busco_results_long/prodigal_output/predicted_genes/predicted.faa 
# Current dir:     /home/kpchuang/Documents/03_whole_genome_assembly/01_raw_reads/long_reads_assembly
# Date:            Sun Jan  4 15:52:20 2026
# [ok]
