#                                                                            --- full sequence --- -------------- this domain -------------   hmm coord   ali coord   env coord
# target name        accession   tlen query name           accession   qlen   E-value  score  bias   #  of  c-Evalue  i-Evalue  score  bias  from    to  from    to  from    to  acc description of target
#------------------- ---------- ----- -------------------- ---------- ----- --------- ------ ----- --- --- --------- --------- ------ ----- ----- ----- ----- ----- ----- ----- ---- ---------------------
2:577768-578241|-    -            158 1074831at2           -            386   7.8e-38  129.9   4.9   1   1   1.9e-39   1.9e-36  125.4   4.9   266   386     4   150     3   150 0.83 2_1232 # 577768 # 578241 # -1 # ID=2_1232;partial=00;start_type=TTG;rbs_motif=AAAAAA;rbs_spacer=4bp;gc_cont=0.477
2:578917-579273|-    -            119 1074831at2           -            386   6.2e-14   51.3   0.2   1   1   7.2e-17   7.1e-14   51.1   0.2    59   125    26    97    22   116 0.87 2_1235 # 578917 # 579273 # -1 # ID=2_1235;partial=00;start_type=GTG;rbs_motif=None;rbs_spacer=None;gc_cont=0.406
2:579289-579444|-    -             52 1074831at2           -            386   6.7e-10   38.0   0.0   1   1   7.5e-13   7.4e-10   37.8   0.0     1    33     1    35     1    39 0.92 2_1236 # 579289 # 579444 # -1 # ID=2_1236;partial=00;start_type=ATG;rbs_motif=AAAA;rbs_spacer=12bp;gc_cont=0.429
2:578549-578953|-    -            135 1074831at2           -            386   1.5e-06   26.9   4.1   1   1   1.9e-09   1.9e-06   26.7   4.1   129   236    15   120     6   128 0.85 2_1234 # 578549 # 578953 # -1 # ID=2_1234;partial=00;start_type=ATG;rbs_motif=None;rbs_spacer=None;gc_cont=0.469
2:705124-705378|-    -             85 1074831at2           -            386   1.2e-05   24.0   0.0   1   1   1.2e-08   1.2e-05   24.0   0.0    18    48    11    41     2    68 0.86 2_1496 # 705124 # 705378 # -1 # ID=2_1496;partial=00;start_type=TTG;rbs_motif=None;rbs_spacer=None;gc_cont=0.478
1:449406-450098|-    -            231 1074831at2           -            386    0.0029   16.2   0.3   1   2    0.0062       6.2    5.2   0.0    22    77    25    80     8    95 0.82 1_996 # 449406 # 450098 # -1 # ID=1_996;partial=00;start_type=ATG;rbs_motif=AAAAA;rbs_spacer=6bp;gc_cont=0.511
1:449406-450098|-    -            231 1074831at2           -            386    0.0029   16.2   0.3   2   2   0.00034      0.33    9.4   0.1   282   372   126   222   111   229 0.77 1_996 # 449406 # 450098 # -1 # ID=1_996;partial=00;start_type=ATG;rbs_motif=AAAAA;rbs_spacer=6bp;gc_cont=0.511
2:578192-578485|-    -             98 1074831at2           -            386    0.0031   16.0   0.2   1   1   3.7e-06    0.0037   15.8   0.2   219   277    16    76     2    87 0.80 2_1233 # 578192 # 578485 # -1 # ID=2_1233;partial=00;start_type=TTG;rbs_motif=None;rbs_spacer=None;gc_cont=0.459
1:130568-131320|+    -            251 1074831at2           -            386     0.011   14.2   0.1   1   1   1.6e-05     0.015   13.8   0.1   277   356   134   219   124   231 0.80 1_279 # 130568 # 131320 # 1 # ID=1_279;partial=00;start_type=ATG;rbs_motif=AAAA;rbs_spacer=5bp;gc_cont=0.564
1:1636421-1636780|+  -            120 1074831at2           -            386     0.018   13.5   0.4   1   1   2.3e-05     0.023   13.2   0.4   287   364    19   103    12   104 0.80 1_3595 # 1636421 # 1636780 # 1 # ID=1_3595;partial=00;start_type=ATG;rbs_motif=AAAAAA;rbs_spacer=10bp;gc_cont=0.486
2:975596-977185|+    -            530 1074831at2           -            386     0.037   12.5   0.1   1   2      0.14   1.4e+02    0.7   0.0    24    36     2    14     1    34 0.76 2_2095 # 975596 # 977185 # 1 # ID=2_2095;partial=00;start_type=GTG;rbs_motif=AATAA;rbs_spacer=4bp;gc_cont=0.546
2:975596-977185|+    -            530 1074831at2           -            386     0.037   12.5   0.1   2   2   0.00034      0.34    9.3   0.0   270   354   419   512   402   520 0.71 2_2095 # 975596 # 977185 # 1 # ID=2_2095;partial=00;start_type=GTG;rbs_motif=AATAA;rbs_spacer=4bp;gc_cont=0.546
1:3432363-3432584|-  -             74 1074831at2           -            386      0.12   10.8   0.0   1   1   0.00012      0.12   10.8   0.0    14    62     8    56     5    69 0.80 1_7440 # 3432363 # 3432584 # -1 # ID=1_7440;partial=00;start_type=ATG;rbs_motif=AAAA;rbs_spacer=3bp;gc_cont=0.378
1:468221-469642|-    -            474 1074831at2           -            386       1.3    7.4  12.6   1   5    0.0022       2.1    6.7   0.0   288   315     2    29     1    59 0.90 1_1033 # 468221 # 469642 # -1 # ID=1_1033;partial=00;start_type=GTG;rbs_motif=None;rbs_spacer=None;gc_cont=0.474
1:468221-469642|-    -            474 1074831at2           -            386       1.3    7.4  12.6   2   5       2.1   2.1e+03   -3.2   0.1   133   162    89   118    73   152 0.58 1_1033 # 468221 # 469642 # -1 # ID=1_1033;partial=00;start_type=GTG;rbs_motif=None;rbs_spacer=None;gc_cont=0.474
1:468221-469642|-    -            474 1074831at2           -            386       1.3    7.4  12.6   3   5       1.2   1.1e+03   -2.3   0.3    25    39   195   209   193   213 0.84 1_1033 # 468221 # 469642 # -1 # ID=1_1033;partial=00;start_type=GTG;rbs_motif=None;rbs_spacer=None;gc_cont=0.474
1:468221-469642|-    -            474 1074831at2           -            386       1.3    7.4  12.6   4   5     0.053        52    2.1   0.0   290   341   287   341   272   363 0.71 1_1033 # 468221 # 469642 # -1 # ID=1_1033;partial=00;start_type=GTG;rbs_motif=None;rbs_spacer=None;gc_cont=0.474
1:468221-469642|-    -            474 1074831at2           -            386       1.3    7.4  12.6   5   5     0.097        96    1.3   4.6   119   178   372   434   369   471 0.65 1_1033 # 468221 # 469642 # -1 # ID=1_1033;partial=00;start_type=GTG;rbs_motif=None;rbs_spacer=None;gc_cont=0.474
#
# Program:         hmmsearch
# Version:         3.4 (Aug 2023)
# Pipeline mode:   SEARCH
# Query file:      /home/kpchuang/Documents/03_whole_genome_assembly/01_raw_reads/long_reads_assembly/busco_downloads/lineages/bacteria_odb10/hmms/1074831at2.hmm
# Target file:     /home/kpchuang/Documents/03_whole_genome_assembly/01_raw_reads/long_reads_assembly/06_genome_quality_assessment/03_busco/long_reads_only_assembly/busco_results_long/prodigal_output/predicted_genes/predicted.faa
# Option settings: hmmsearch --domtblout /home/kpchuang/Documents/03_whole_genome_assembly/01_raw_reads/long_reads_assembly/06_genome_quality_assessment/03_busco/long_reads_only_assembly/busco_results_long/run_bacteria_odb10/hmmer_output/1074831at2.out --cpu 1 /home/kpchuang/Documents/03_whole_genome_assembly/01_raw_reads/long_reads_assembly/busco_downloads/lineages/bacteria_odb10/hmms/1074831at2.hmm /home/kpchuang/Documents/03_whole_genome_assembly/01_raw_reads/long_reads_assembly/06_genome_quality_assessment/03_busco/long_reads_only_assembly/busco_results_long/prodigal_output/predicted_genes/predicted.faa 
# Current dir:     /home/kpchuang/Documents/03_whole_genome_assembly/01_raw_reads/long_reads_assembly
# Date:            Sun Jan  4 15:52:21 2026
# [ok]
