#                                                                            --- full sequence --- -------------- this domain -------------   hmm coord   ali coord   env coord
# target name        accession   tlen query name           accession   qlen   E-value  score  bias   #  of  c-Evalue  i-Evalue  score  bias  from    to  from    to  from    to  acc description of target
#------------------- ---------- ----- -------------------- ---------- ----- --------- ------ ----- --- --- --------- --------- ------ ----- ----- ----- ----- ----- ----- ----- ---- ---------------------
1:1980595-1980759|+  -             55 1151822at2           -            254   7.7e-16   57.5   0.3   1   1     9e-19   8.8e-16   57.3   0.3   167   218     1    52     1    53 0.91 1_4331 # 1980595 # 1980759 # 1 # ID=1_4331;partial=00;start_type=ATG;rbs_motif=None;rbs_spacer=None;gc_cont=0.418
1:1979767-1980357|+  -            197 1151822at2           -            254   9.8e-14   50.6   2.9   1   1   1.5e-16   1.5e-13   50.0   2.9     6   104     3   123     1   132 0.79 1_4329 # 1979767 # 1980357 # 1 # ID=1_4329;partial=00;start_type=ATG;rbs_motif=None;rbs_spacer=None;gc_cont=0.425
1:1980327-1980524|+  -             66 1151822at2           -            254   2.1e-10   39.7   4.1   1   1   2.3e-13   2.3e-10   39.6   4.1    98   142     1    45     1    55 0.92 1_4330 # 1980327 # 1980524 # 1 # ID=1_4330;partial=00;start_type=TTG;rbs_motif=None;rbs_spacer=None;gc_cont=0.439
1:3134229-3134972|+  -            248 1151822at2           -            254   4.7e-09   35.3  18.4   1   1   9.1e-12   8.9e-09   34.4  18.4    96   213    42   170     1   210 0.68 1_6781 # 3134229 # 3134972 # 1 # ID=1_6781;partial=00;start_type=TTG;rbs_motif=None;rbs_spacer=None;gc_cont=0.422
2:784319-784795|-    -            159 1151822at2           -            254   4.7e-09   35.3  12.4   1   1   9.8e-12   9.6e-09   34.3  12.4    95   179    41   132     1   154 0.69 2_1695 # 784319 # 784795 # -1 # ID=2_1695;partial=00;start_type=TTG;rbs_motif=None;rbs_spacer=None;gc_cont=0.415
1:3414419-3414796|+  -            126 1151822at2           -            254   4.2e-08   32.2   7.7   1   2      0.33   3.3e+02   -0.2   0.0    84   106     2    23     1    29 0.72 1_7399 # 3414419 # 3414796 # 1 # ID=1_7399;partial=00;start_type=GTG;rbs_motif=None;rbs_spacer=None;gc_cont=0.503
1:3414419-3414796|+  -            126 1151822at2           -            254   4.2e-08   32.2   7.7   2   2   4.3e-11   4.2e-08   32.2   7.7    95   154    37    98    22   111 0.77 1_7399 # 3414419 # 3414796 # 1 # ID=1_7399;partial=00;start_type=GTG;rbs_motif=None;rbs_spacer=None;gc_cont=0.503
1:154348-154605|-    -             86 1151822at2           -            254     8e-07   28.0   7.7   1   1     1e-09     1e-06   27.7   7.7    98   168     7    84     2    84 0.80 1_328 # 154348 # 154605 # -1 # ID=1_328;partial=00;start_type=TTG;rbs_motif=None;rbs_spacer=None;gc_cont=0.422
1:3414775-3415065|+  -             97 1151822at2           -            254   1.7e-06   26.9   0.1   1   1   2.3e-09   2.3e-06   26.5   0.1   167   230     1    76     1    96 0.69 1_7400 # 3414775 # 3415065 # 1 # ID=1_7400;partial=00;start_type=ATG;rbs_motif=None;rbs_spacer=None;gc_cont=0.488
2:252505-252753|-    -             83 1151822at2           -            254    0.0012   17.6   5.7   1   1   1.5e-06    0.0014   17.3   5.7   108   160     2    57     1    60 0.77 2_549 # 252505 # 252753 # -1 # ID=2_549;partial=00;start_type=TTG;rbs_motif=None;rbs_spacer=None;gc_cont=0.361
1:1980810-1980950|+  -             47 1151822at2           -            254    0.0018   17.0   0.4   1   1   2.1e-06    0.0021   16.8   0.4   230   254    19    43    15    43 0.89 1_4332 # 1980810 # 1980950 # 1 # ID=1_4332;partial=00;start_type=ATG;rbs_motif=None;rbs_spacer=None;gc_cont=0.426
1:945557-945775|-    -             73 1151822at2           -            254    0.0029   16.3   1.3   1   1   3.1e-06     0.003   16.3   1.3   143   179    21    58     1    62 0.71 1_2063 # 945557 # 945775 # -1 # ID=1_2063;partial=00;start_type=TTG;rbs_motif=None;rbs_spacer=None;gc_cont=0.356
1:504592-504918|-    -            109 1151822at2           -            254    0.0037   16.0   8.6   1   1   1.3e-05     0.013   14.2   8.6    62   128    14    91     2   107 0.61 1_1104 # 504592 # 504918 # -1 # ID=1_1104;partial=00;start_type=TTG;rbs_motif=None;rbs_spacer=None;gc_cont=0.416
#
# Program:         hmmsearch
# Version:         3.4 (Aug 2023)
# Pipeline mode:   SEARCH
# Query file:      /home/kpchuang/Documents/03_whole_genome_assembly/01_raw_reads/long_reads_assembly/busco_downloads/lineages/bacteria_odb10/hmms/1151822at2.hmm
# Target file:     /home/kpchuang/Documents/03_whole_genome_assembly/01_raw_reads/long_reads_assembly/06_genome_quality_assessment/03_busco/long_reads_only_assembly/busco_results_long/prodigal_output/predicted_genes/predicted.faa
# Option settings: hmmsearch --domtblout /home/kpchuang/Documents/03_whole_genome_assembly/01_raw_reads/long_reads_assembly/06_genome_quality_assessment/03_busco/long_reads_only_assembly/busco_results_long/run_bacteria_odb10/hmmer_output/1151822at2.out --cpu 1 /home/kpchuang/Documents/03_whole_genome_assembly/01_raw_reads/long_reads_assembly/busco_downloads/lineages/bacteria_odb10/hmms/1151822at2.hmm /home/kpchuang/Documents/03_whole_genome_assembly/01_raw_reads/long_reads_assembly/06_genome_quality_assessment/03_busco/long_reads_only_assembly/busco_results_long/prodigal_output/predicted_genes/predicted.faa 
# Current dir:     /home/kpchuang/Documents/03_whole_genome_assembly/01_raw_reads/long_reads_assembly
# Date:            Sun Jan  4 15:52:21 2026
# [ok]
