#                                                                            --- full sequence --- -------------- this domain -------------   hmm coord   ali coord   env coord
# target name        accession   tlen query name           accession   qlen   E-value  score  bias   #  of  c-Evalue  i-Evalue  score  bias  from    to  from    to  from    to  acc description of target
#------------------- ---------- ----- -------------------- ---------- ----- --------- ------ ----- --- --- --------- --------- ------ ----- ----- ----- ----- ----- ----- ----- ---- ---------------------
1:2455195-2456217|+  -            341 143460at2            -            439   2.4e-77  259.9   0.1   1   1   1.2e-77   7.6e-75  251.7   0.1   194   438     6   326     1   327 0.87 1_5356 # 2455195 # 2456217 # 1 # ID=1_5356;partial=00;start_type=GTG;rbs_motif=None;rbs_spacer=None;gc_cont=0.441
1:2454683-2455198|+  -            172 143460at2            -            439   1.2e-35  122.4   0.0   1   1   5.5e-38   3.6e-35  120.9   0.0    74   192     1   150     1   159 0.84 1_5355 # 2454683 # 2455198 # 1 # ID=1_5355;partial=00;start_type=ATG;rbs_motif=None;rbs_spacer=None;gc_cont=0.467
1:1685992-1686921|+  -            310 143460at2            -            439   6.7e-31  106.8   0.5   1   2   2.1e-33   1.4e-30  105.8   0.4     2   136    20   171    19   198 0.84 1_3693 # 1685992 # 1686921 # 1 # ID=1_3693;partial=00;start_type=GTG;rbs_motif=None;rbs_spacer=None;gc_cont=0.399
1:1685992-1686921|+  -            310 143460at2            -            439   6.7e-31  106.8   0.5   2   2       1.5   9.9e+02   -2.5   0.0   119   155   220   256   215   303 0.51 1_3693 # 1685992 # 1686921 # 1 # ID=1_3693;partial=00;start_type=GTG;rbs_motif=None;rbs_spacer=None;gc_cont=0.399
1:2694709-2695380|+  -            224 143460at2            -            439   5.8e-24   84.0   0.0   1   1     1e-26   6.8e-24   83.7   0.0     2   123    10   153     9   198 0.83 1_5841 # 2694709 # 2695380 # 1 # ID=1_5841;partial=00;start_type=ATG;rbs_motif=AAAAAA;rbs_spacer=4bp;gc_cont=0.458
1:2454415-2454618|+  -             68 143460at2            -            439     1e-19   70.0   0.2   1   1   1.8e-22   1.2e-19   69.8   0.2     1    49     4    59     4    61 0.91 1_5354 # 2454415 # 2454618 # 1 # ID=1_5354;partial=00;start_type=ATG;rbs_motif=AATAA;rbs_spacer=10bp;gc_cont=0.397
1:2431830-2432099|-  -             90 143460at2            -            439   1.1e-18   66.5   0.0   1   1     2e-21   1.3e-18   66.3   0.0    36    97     2    69     1    74 0.93 1_5310 # 2431830 # 2432099 # -1 # ID=1_5310;partial=00;start_type=ATG;rbs_motif=None;rbs_spacer=None;gc_cont=0.396
2:242102-242530|-    -            143 143460at2            -            439   3.3e-17   61.7   0.0   1   1   6.4e-20   4.2e-17   61.4   0.0    30   127    14   126     3   138 0.79 2_532 # 242102 # 242530 # -1 # ID=2_532;partial=00;start_type=TTG;rbs_motif=None;rbs_spacer=None;gc_cont=0.457
1:755864-756127|-    -             88 143460at2            -            439   5.7e-15   54.3   0.1   1   1     1e-17   6.8e-15   54.1   0.1    53   114    10    74     7    80 0.88 1_1650 # 755864 # 756127 # -1 # ID=1_1650;partial=00;start_type=ATG;rbs_motif=None;rbs_spacer=None;gc_cont=0.485
1:2023687-2025090|-  -            468 143460at2            -            439   1.4e-12   46.5   1.7   1   2       3.1     2e+03   -3.5   0.0   114   140   142   168   112   174 0.68 1_4424 # 2023687 # 2025090 # -1 # ID=1_4424;partial=00;start_type=GTG;rbs_motif=AAAAAA;rbs_spacer=6bp;gc_cont=0.452
1:2023687-2025090|-  -            468 143460at2            -            439   1.4e-12   46.5   1.7   2   2   2.1e-15   1.4e-12   46.5   1.7     4   116   189   302   187   394 0.84 1_4424 # 2023687 # 2025090 # -1 # ID=1_4424;partial=00;start_type=GTG;rbs_motif=AAAAAA;rbs_spacer=6bp;gc_cont=0.452
1:370320-370889|-    -            190 143460at2            -            439   7.3e-10   37.5   0.2   1   2    0.0089       5.8    4.9   0.0     9    36    27    55    22    62 0.78 1_834 # 370320 # 370889 # -1 # ID=1_834;partial=00;start_type=ATG;rbs_motif=AAA;rbs_spacer=10bp;gc_cont=0.449
1:370320-370889|-    -            190 143460at2            -            439   7.3e-10   37.5   0.2   2   2   1.1e-10     7e-08   31.0   0.1    29   113    71   165    63   180 0.81 1_834 # 370320 # 370889 # -1 # ID=1_834;partial=00;start_type=ATG;rbs_motif=AAA;rbs_spacer=10bp;gc_cont=0.449
1:2677786-2678697|+  -            304 143460at2            -            439     1e-05   23.8   0.1   1   2   5.3e-07   0.00035   18.8   0.1    75   121     8    59     4    83 0.72 1_5812 # 2677786 # 2678697 # 1 # ID=1_5812;partial=00;start_type=ATG;rbs_motif=None;rbs_spacer=None;gc_cont=0.451
1:2677786-2678697|+  -            304 143460at2            -            439     1e-05   23.8   0.1   2   2     0.031        21    3.1   0.0   169   195   133   159    94   170 0.75 1_5812 # 2677786 # 2678697 # 1 # ID=1_5812;partial=00;start_type=ATG;rbs_motif=None;rbs_spacer=None;gc_cont=0.451
1:3189340-3189525|+  -             62 143460at2            -            439   0.00016   19.9   0.0   1   1   2.6e-07   0.00017   19.8   0.0    53    92     8    47     2    57 0.89 1_6904 # 3189340 # 3189525 # 1 # ID=1_6904;partial=00;start_type=GTG;rbs_motif=None;rbs_spacer=None;gc_cont=0.468
1:2790553-2790993|+  -            147 143460at2            -            439    0.0018   16.5   0.1   1   1   3.5e-06    0.0023   16.1   0.1     4   117     5   128     3   141 0.76 1_6034 # 2790553 # 2790993 # 1 # ID=1_6034;partial=00;start_type=ATG;rbs_motif=AAAAA;rbs_spacer=15bp;gc_cont=0.456
1:2677512-2677640|+  -             43 143460at2            -            439    0.0032   15.6   0.5   1   1   4.9e-06    0.0032   15.6   0.5     3    21    14    32    12    41 0.87 1_5811 # 2677512 # 2677640 # 1 # ID=1_5811;partial=00;start_type=ATG;rbs_motif=AATAA;rbs_spacer=15bp;gc_cont=0.419
1:2695914-2696828|+  -            305 143460at2            -            439    0.0037   15.4   0.2   1   2   0.00034      0.22    9.5   0.0   264   294    53    84    43   109 0.85 1_5843 # 2695914 # 2696828 # 1 # ID=1_5843;partial=00;start_type=TTG;rbs_motif=None;rbs_spacer=None;gc_cont=0.446
1:2695914-2696828|+  -            305 143460at2            -            439    0.0037   15.4   0.2   2   2     0.017        11    3.9   0.1   297   346   216   274   207   299 0.76 1_5843 # 2695914 # 2696828 # 1 # ID=1_5843;partial=00;start_type=TTG;rbs_motif=None;rbs_spacer=None;gc_cont=0.446
1:756127-756339|-    -             71 143460at2            -            439    0.0069   14.5   0.0   1   1   1.1e-05    0.0075   14.4   0.0     2    28    11    37    10    53 0.87 1_1651 # 756127 # 756339 # -1 # ID=1_1651;partial=00;start_type=ATG;rbs_motif=None;rbs_spacer=None;gc_cont=0.441
1:2791417-2791863|+  -            149 143460at2            -            439     0.095   10.8   0.1   1   1   0.00018      0.12   10.5   0.1   105   151     9    55     2    75 0.82 1_6036 # 2791417 # 2791863 # 1 # ID=1_6036;partial=00;start_type=GTG;rbs_motif=AAAAAA;rbs_spacer=13bp;gc_cont=0.416
1:3189135-3189392|+  -             86 143460at2            -            439      0.11   10.6   0.0   1   1   0.00018      0.12   10.5   0.0     1    30     9    38     9    53 0.89 1_6903 # 3189135 # 3189392 # 1 # ID=1_6903;partial=00;start_type=ATG;rbs_motif=None;rbs_spacer=None;gc_cont=0.419
#
# Program:         hmmsearch
# Version:         3.4 (Aug 2023)
# Pipeline mode:   SEARCH
# Query file:      /home/kpchuang/Documents/03_whole_genome_assembly/01_raw_reads/long_reads_assembly/busco_downloads/lineages/bacteria_odb10/hmms/143460at2.hmm
# Target file:     /home/kpchuang/Documents/03_whole_genome_assembly/01_raw_reads/long_reads_assembly/06_genome_quality_assessment/03_busco/long_reads_only_assembly/busco_results_long/prodigal_output/predicted_genes/predicted.faa
# Option settings: hmmsearch --domtblout /home/kpchuang/Documents/03_whole_genome_assembly/01_raw_reads/long_reads_assembly/06_genome_quality_assessment/03_busco/long_reads_only_assembly/busco_results_long/run_bacteria_odb10/hmmer_output/143460at2.out --cpu 1 /home/kpchuang/Documents/03_whole_genome_assembly/01_raw_reads/long_reads_assembly/busco_downloads/lineages/bacteria_odb10/hmms/143460at2.hmm /home/kpchuang/Documents/03_whole_genome_assembly/01_raw_reads/long_reads_assembly/06_genome_quality_assessment/03_busco/long_reads_only_assembly/busco_results_long/prodigal_output/predicted_genes/predicted.faa 
# Current dir:     /home/kpchuang/Documents/03_whole_genome_assembly/01_raw_reads/long_reads_assembly
# Date:            Sun Jan  4 15:52:21 2026
# [ok]
