#                                                                            --- full sequence --- -------------- this domain -------------   hmm coord   ali coord   env coord
# target name        accession   tlen query name           accession   qlen   E-value  score  bias   #  of  c-Evalue  i-Evalue  score  bias  from    to  from    to  from    to  acc description of target
#------------------- ---------- ----- -------------------- ---------- ----- --------- ------ ----- --- --- --------- --------- ------ ----- ----- ----- ----- ----- ----- ----- ---- ---------------------
1:880989-881345|-    -            119 1502854at2           -            192    0.0003   19.8   0.1   1   1   1.1e-06   0.00038   19.5   0.1   106   184     7    85     3    91 0.79 1_1920 # 880989 # 881345 # -1 # ID=1_1920;partial=00;start_type=ATG;rbs_motif=None;rbs_spacer=None;gc_cont=0.356
1:1470176-1470538|+  -            121 1502854at2           -            192    0.0012   17.9   0.1   1   1   4.3e-06    0.0015   17.5   0.1     5    27    45    67    41    79 0.87 1_3229 # 1470176 # 1470538 # 1 # ID=1_3229;partial=00;start_type=GTG;rbs_motif=None;rbs_spacer=None;gc_cont=0.490
1:1440388-1440645|+  -             86 1502854at2           -            192    0.0014   17.6   0.1   1   2       1.7   5.9e+02   -0.7   0.0   101   117     1    17     1    22 0.78 1_3159 # 1440388 # 1440645 # 1 # ID=1_3159;partial=00;start_type=ATG;rbs_motif=AAAA;rbs_spacer=12bp;gc_cont=0.461
1:1440388-1440645|+  -             86 1502854at2           -            192    0.0014   17.6   0.1   2   2   9.1e-06    0.0032   16.5   0.0     3    37    22    55    20    79 0.74 1_3159 # 1440388 # 1440645 # 1 # ID=1_3159;partial=00;start_type=ATG;rbs_motif=AAAA;rbs_spacer=12bp;gc_cont=0.461
1:1197355-1197903|+  -            183 1502854at2           -            192    0.0019   17.2   0.0   1   1   7.5e-06    0.0026   16.7   0.0     4    31    31    58    29    93 0.88 1_2632 # 1197355 # 1197903 # 1 # ID=1_2632;partial=00;start_type=GTG;rbs_motif=AATAA;rbs_spacer=9bp;gc_cont=0.426
1:3612505-3613359|-  -            285 1502854at2           -            192     0.004   16.1   0.0   1   1   2.4e-05    0.0082   15.1   0.0     9    65   125   183   119   212 0.82 1_7840 # 3612505 # 3613359 # -1 # ID=1_7840;partial=00;start_type=ATG;rbs_motif=None;rbs_spacer=None;gc_cont=0.425
2:389502-390233|+    -            244 1502854at2           -            192    0.0054   15.7   0.1   1   1   2.5e-05    0.0087   15.0   0.1     4    26   209   231   207   238 0.87 2_837 # 389502 # 390233 # 1 # ID=2_837;partial=00;start_type=ATG;rbs_motif=None;rbs_spacer=None;gc_cont=0.511
2:306443-306985|-    -            181 1502854at2           -            192    0.0055   15.7   0.0   1   1   2.3e-05    0.0081   15.1   0.0     6    28    94   116    92   127 0.89 2_671 # 306443 # 306985 # -1 # ID=2_671;partial=00;start_type=ATG;rbs_motif=AAA;rbs_spacer=10bp;gc_cont=0.457
2:705124-705378|-    -             85 1502854at2           -            192    0.0057   15.6   0.0   1   1   2.1e-05    0.0072   15.3   0.0     9    27    16    34    13    50 0.79 2_1496 # 705124 # 705378 # -1 # ID=2_1496;partial=00;start_type=TTG;rbs_motif=None;rbs_spacer=None;gc_cont=0.478
1:449406-450098|-    -            231 1502854at2           -            192    0.0073   15.3   0.0   1   1   4.4e-05     0.015   14.2   0.0     4    26    21    43    18    54 0.86 1_996 # 449406 # 450098 # -1 # ID=1_996;partial=00;start_type=ATG;rbs_motif=AAAAA;rbs_spacer=6bp;gc_cont=0.511
3:82059-82529|+      -            157 1502854at2           -            192    0.0082   15.1   0.0   1   1   3.8e-05     0.013   14.4   0.0     5    26    30    51    27    65 0.87 3_170 # 82059 # 82529 # 1 # ID=3_170;partial=00;start_type=ATG;rbs_motif=AAAAAA;rbs_spacer=10bp;gc_cont=0.456
2:69108-69389|+      -             94 1502854at2           -            192    0.0082   15.1   0.0   1   1   3.4e-05     0.012   14.6   0.0     4    26    29    51    27    57 0.88 2_148 # 69108 # 69389 # 1 # ID=2_148;partial=00;start_type=ATG;rbs_motif=AAAAAA;rbs_spacer=9bp;gc_cont=0.394
1:1796072-1796617|-  -            182 1502854at2           -            192    0.0091   15.0   0.1   1   1   4.1e-05     0.014   14.3   0.1     5    26    26    47    23    59 0.87 1_3940 # 1796072 # 1796617 # -1 # ID=1_3940;partial=00;start_type=ATG;rbs_motif=AAAAA;rbs_spacer=12bp;gc_cont=0.452
1:2590830-2591750|-  -            307 1502854at2           -            192     0.011   14.7   0.3   1   2       8.3   2.9e+03   -3.0   0.0   106   184    27    40    22    56 0.58 1_5633 # 2590830 # 2591750 # -1 # ID=1_5633;partial=00;start_type=ATG;rbs_motif=None;rbs_spacer=None;gc_cont=0.468
1:2590830-2591750|-  -            307 1502854at2           -            192     0.011   14.7   0.3   2   2   7.5e-05     0.026   13.5   0.1     4    27   198   221   195   229 0.88 1_5633 # 2590830 # 2591750 # -1 # ID=1_5633;partial=00;start_type=ATG;rbs_motif=None;rbs_spacer=None;gc_cont=0.468
2:391450-392289|+    -            280 1502854at2           -            192     0.012   14.6   0.0   1   1   5.4e-05     0.019   13.9   0.0     4    27   152   175   150   188 0.86 2_841 # 391450 # 392289 # 1 # ID=2_841;partial=00;start_type=TTG;rbs_motif=None;rbs_spacer=None;gc_cont=0.519
1:2790553-2790993|+  -            147 1502854at2           -            192     0.014   14.3   0.2   1   1   6.3e-05     0.022   13.7   0.2     5    47     1    43     1   118 0.88 1_6034 # 2790553 # 2790993 # 1 # ID=1_6034;partial=00;start_type=ATG;rbs_motif=AAAAA;rbs_spacer=15bp;gc_cont=0.456
2:767302-767661|+    -            120 1502854at2           -            192     0.026   13.5   0.1   1   1   0.00012     0.042   12.8   0.1     8    31     3    26     1    33 0.83 2_1648 # 767302 # 767661 # 1 # ID=2_1648;partial=00;start_type=ATG;rbs_motif=None;rbs_spacer=None;gc_cont=0.458
2:977182-977820|+    -            213 1502854at2           -            192     0.026   13.5   0.0   1   1   0.00011     0.039   12.9   0.0     7    29    56    78    53    93 0.81 2_2096 # 977182 # 977820 # 1 # ID=2_2096;partial=00;start_type=ATG;rbs_motif=None;rbs_spacer=None;gc_cont=0.531
3:172107-172781|+    -            225 1502854at2           -            192      0.03   13.3   0.0   1   1   0.00014      0.05   12.6   0.0     5    26    30    51    27    60 0.88 3_390 # 172107 # 172781 # 1 # ID=3_390;partial=00;start_type=ATG;rbs_motif=AATAA;rbs_spacer=7bp;gc_cont=0.447
1:1636065-1636277|+  -             71 1502854at2           -            192      0.03   13.3   0.0   1   1   9.7e-05     0.034   13.1   0.0     4    26    28    50    26    61 0.89 1_3594 # 1636065 # 1636277 # 1 # ID=1_3594;partial=00;start_type=GTG;rbs_motif=None;rbs_spacer=None;gc_cont=0.408
3:177441-178115|+    -            225 1502854at2           -            192      0.03   13.3   0.0   1   1   0.00014      0.05   12.6   0.0     5    26    30    51    27    60 0.88 3_400 # 177441 # 178115 # 1 # ID=3_400;partial=00;start_type=ATG;rbs_motif=AATAA;rbs_spacer=3bp;gc_cont=0.456
1:2843839-2844222|+  -            128 1502854at2           -            192     0.034   13.1   0.1   1   1   0.00015     0.054   12.4   0.1     6    27    94   115    91   120 0.90 1_6154 # 2843839 # 2844222 # 1 # ID=1_6154;partial=00;start_type=ATG;rbs_motif=None;rbs_spacer=None;gc_cont=0.458
3:219885-220262|+    -            126 1502854at2           -            192     0.036   13.0   0.1   1   1   0.00015     0.052   12.5   0.1     6    29    35    58    32    68 0.87 3_490 # 219885 # 220262 # 1 # ID=3_490;partial=00;start_type=ATG;rbs_motif=AATAA;rbs_spacer=4bp;gc_cont=0.479
1:3156653-3157201|-  -            183 1502854at2           -            192     0.037   13.0   0.0   1   2   0.00051      0.18   10.8   0.0     9    65    12    71     7    85 0.78 1_6835 # 3156653 # 3157201 # -1 # ID=1_6835;partial=00;start_type=TTG;rbs_motif=None;rbs_spacer=None;gc_cont=0.497
1:3156653-3157201|-  -            183 1502854at2           -            192     0.037   13.0   0.0   2   2       1.2   4.2e+02   -0.3   0.0     8    31   146   169   139   180 0.82 1_6835 # 3156653 # 3157201 # -1 # ID=1_6835;partial=00;start_type=TTG;rbs_motif=None;rbs_spacer=None;gc_cont=0.497
1:372176-372448|-    -             91 1502854at2           -            192     0.038   12.9   0.0   1   1   0.00015     0.052   12.5   0.0     4    29    26    51    24    59 0.85 1_839 # 372176 # 372448 # -1 # ID=1_839;partial=00;start_type=ATG;rbs_motif=None;rbs_spacer=None;gc_cont=0.440
1:550832-551428|-    -            199 1502854at2           -            192     0.045   12.7   0.0   1   1   0.00025     0.086   11.8   0.0     5    25     7    27     4    38 0.88 1_1211 # 550832 # 551428 # -1 # ID=1_1211;partial=00;start_type=GTG;rbs_motif=None;rbs_spacer=None;gc_cont=0.482
1:549979-550644|-    -            222 1502854at2           -            192     0.055   12.4   0.0   1   1    0.0003       0.1   11.5   0.0     5    25    30    50    27    61 0.88 1_1210 # 549979 # 550644 # -1 # ID=1_1210;partial=00;start_type=ATG;rbs_motif=AAAA;rbs_spacer=10bp;gc_cont=0.479
1:871211-871507|+    -             99 1502854at2           -            192     0.058   12.3   0.1   1   3       8.1   2.8e+03   -3.0   0.0    18    32     9    23     6    28 0.61 1_1893 # 871211 # 871507 # 1 # ID=1_1893;partial=00;start_type=ATG;rbs_motif=AAAA;rbs_spacer=15bp;gc_cont=0.455
1:871211-871507|+    -             99 1502854at2           -            192     0.058   12.3   0.1   2   3   0.00046      0.16   10.9   0.0     5    31    45    71    42    83 0.76 1_1893 # 871211 # 871507 # 1 # ID=1_1893;partial=00;start_type=ATG;rbs_motif=AAAA;rbs_spacer=15bp;gc_cont=0.455
1:871211-871507|+    -             99 1502854at2           -            192     0.058   12.3   0.1   3   3       4.5   1.6e+03   -2.1   0.0     7    18    85    96    79    96 0.87 1_1893 # 871211 # 871507 # 1 # ID=1_1893;partial=00;start_type=ATG;rbs_motif=AAAA;rbs_spacer=15bp;gc_cont=0.455
2:327357-327947|-    -            197 1502854at2           -            192     0.058   12.3   0.0   1   1   0.00026      0.09   11.7   0.0     5    27    30    52    27    63 0.88 2_716 # 327357 # 327947 # -1 # ID=2_716;partial=00;start_type=ATG;rbs_motif=AAA;rbs_spacer=9bp;gc_cont=0.484
1:2019948-2020364|-  -            139 1502854at2           -            192     0.072   12.0   0.1   1   1    0.0003       0.1   11.5   0.1     5    29    72    96    69   107 0.82 1_4417 # 2019948 # 2020364 # -1 # ID=1_4417;partial=00;start_type=ATG;rbs_motif=None;rbs_spacer=None;gc_cont=0.410
1:878741-879067|+    -            109 1502854at2           -            192     0.075   12.0   0.4   1   3       1.4   4.9e+02   -0.5   0.0    77    98    20    38     6    61 0.54 1_1915 # 878741 # 879067 # 1 # ID=1_1915;partial=00;start_type=ATG;rbs_motif=AAAA;rbs_spacer=10bp;gc_cont=0.480
1:878741-879067|+    -            109 1502854at2           -            192     0.075   12.0   0.4   2   3       0.8   2.8e+02    0.3   0.1   151   185    33    66    20    73 0.59 1_1915 # 878741 # 879067 # 1 # ID=1_1915;partial=00;start_type=ATG;rbs_motif=AAAA;rbs_spacer=10bp;gc_cont=0.480
1:878741-879067|+    -            109 1502854at2           -            192     0.075   12.0   0.4   3   3    0.0013      0.45    9.4   0.0     9    28    82   101    76   107 0.90 1_1915 # 878741 # 879067 # 1 # ID=1_1915;partial=00;start_type=ATG;rbs_motif=AAAA;rbs_spacer=10bp;gc_cont=0.480
1:1052071-1052403|+  -            111 1502854at2           -            192     0.075   12.0   0.0   1   1   0.00032      0.11   11.4   0.0     5    28    27    50    24    64 0.88 1_2313 # 1052071 # 1052403 # 1 # ID=1_2313;partial=00;start_type=ATG;rbs_motif=AAAAAA;rbs_spacer=4bp;gc_cont=0.393
1:2791026-2791262|+  -             79 1502854at2           -            192     0.078   11.9   0.0   1   1   0.00024     0.084   11.8   0.0     9    43    19    53    17    77 0.85 1_6035 # 2791026 # 2791262 # 1 # ID=1_6035;partial=00;start_type=TTG;rbs_motif=None;rbs_spacer=None;gc_cont=0.401
2:481298-482128|-    -            277 1502854at2           -            192       0.1   11.5   0.0   1   2   0.00088      0.31   10.0   0.0     5    27    31    53    27    66 0.79 2_1022 # 481298 # 482128 # -1 # ID=2_1022;partial=00;start_type=ATG;rbs_motif=AAAAA;rbs_spacer=3bp;gc_cont=0.460
2:481298-482128|-    -            277 1502854at2           -            192       0.1   11.5   0.0   2   2       4.6   1.6e+03   -2.1   0.0   157   178   190   213   181   218 0.64 2_1022 # 481298 # 482128 # -1 # ID=2_1022;partial=00;start_type=ATG;rbs_motif=AAAAA;rbs_spacer=3bp;gc_cont=0.460
1:3432363-3432584|-  -             74 1502854at2           -            192      0.11   11.4   0.0   1   1   0.00033      0.12   11.4   0.0     6    26    14    34    10    53 0.87 1_7440 # 3432363 # 3432584 # -1 # ID=1_7440;partial=00;start_type=ATG;rbs_motif=AAAA;rbs_spacer=3bp;gc_cont=0.378
#
# Program:         hmmsearch
# Version:         3.4 (Aug 2023)
# Pipeline mode:   SEARCH
# Query file:      /home/kpchuang/Documents/03_whole_genome_assembly/01_raw_reads/long_reads_assembly/busco_downloads/lineages/bacteria_odb10/hmms/1502854at2.hmm
# Target file:     /home/kpchuang/Documents/03_whole_genome_assembly/01_raw_reads/long_reads_assembly/06_genome_quality_assessment/03_busco/long_reads_only_assembly/busco_results_long/prodigal_output/predicted_genes/predicted.faa
# Option settings: hmmsearch --domtblout /home/kpchuang/Documents/03_whole_genome_assembly/01_raw_reads/long_reads_assembly/06_genome_quality_assessment/03_busco/long_reads_only_assembly/busco_results_long/run_bacteria_odb10/hmmer_output/1502854at2.out --cpu 1 /home/kpchuang/Documents/03_whole_genome_assembly/01_raw_reads/long_reads_assembly/busco_downloads/lineages/bacteria_odb10/hmms/1502854at2.hmm /home/kpchuang/Documents/03_whole_genome_assembly/01_raw_reads/long_reads_assembly/06_genome_quality_assessment/03_busco/long_reads_only_assembly/busco_results_long/prodigal_output/predicted_genes/predicted.faa 
# Current dir:     /home/kpchuang/Documents/03_whole_genome_assembly/01_raw_reads/long_reads_assembly
# Date:            Sun Jan  4 15:52:21 2026
# [ok]
