#                                                                            --- full sequence --- -------------- this domain -------------   hmm coord   ali coord   env coord
# target name        accession   tlen query name           accession   qlen   E-value  score  bias   #  of  c-Evalue  i-Evalue  score  bias  from    to  from    to  from    to  acc description of target
#------------------- ---------- ----- -------------------- ---------- ----- --------- ------ ----- --- --- --------- --------- ------ ----- ----- ----- ----- ----- ----- ----- ---- ---------------------
1:1497447-1498520|-  -            358 1592033at2           -            393  1.6e-136  454.9   2.0   1   1  2.1e-139  2.1e-136  454.5   2.0     5   320     8   342     4   353 0.94 1_3286 # 1497447 # 1498520 # -1 # ID=1_3286;partial=00;start_type=ATG;rbs_motif=AATAA;rbs_spacer=13bp;gc_cont=0.475
1:2790553-2790993|+  -            147 1592033at2           -            393   3.2e-15   55.5   0.1   1   1   3.9e-18   3.9e-15   55.2   0.1   197   318     5   125     2   136 0.90 1_6034 # 2790553 # 2790993 # 1 # ID=1_6034;partial=00;start_type=ATG;rbs_motif=AAAAA;rbs_spacer=15bp;gc_cont=0.456
1:3612505-3613359|-  -            285 1592033at2           -            393   7.6e-15   54.2   1.2   1   1   9.9e-18   9.8e-15   53.9   1.2   161   345    91   283    82   284 0.82 1_7840 # 3612505 # 3613359 # -1 # ID=1_7840;partial=00;start_type=ATG;rbs_motif=None;rbs_spacer=None;gc_cont=0.425
1:3156653-3157201|-  -            183 1592033at2           -            393   2.3e-13   49.4   0.0   1   1   5.7e-16   5.6e-13   48.1   0.0   194   351     9   169     5   177 0.83 1_6835 # 3156653 # 3157201 # -1 # ID=1_6835;partial=00;start_type=TTG;rbs_motif=None;rbs_spacer=None;gc_cont=0.497
1:938470-938874|-    -            135 1592033at2           -            393   4.1e-09   35.4   0.0   1   1   5.8e-12   5.7e-09   34.9   0.0   194   253     4    64     1    71 0.94 1_2049 # 938470 # 938874 # -1 # ID=1_2049;partial=00;start_type=TTG;rbs_motif=None;rbs_spacer=None;gc_cont=0.440
1:2252303-2252986|-  -            228 1592033at2           -            393     4e-08   32.1   0.7   1   2   1.3e-10   1.3e-07   30.4   0.0   196   241     4    50     1    59 0.89 1_4923 # 2252303 # 2252986 # -1 # ID=1_4923;partial=00;start_type=ATG;rbs_motif=AAAAA;rbs_spacer=12bp;gc_cont=0.439
1:2252303-2252986|-  -            228 1592033at2           -            393     4e-08   32.1   0.7   2   2      0.69   6.8e+02   -1.6   0.2   170   194   139   163   132   194 0.70 1_4923 # 2252303 # 2252986 # -1 # ID=1_4923;partial=00;start_type=ATG;rbs_motif=AAAAA;rbs_spacer=12bp;gc_cont=0.439
1:2789766-2790338|+  -            191 1592033at2           -            393   2.3e-05   23.0   0.1   1   1   2.7e-08   2.6e-05   22.8   0.1   271   352    33   120     8   150 0.84 1_6033 # 2789766 # 2790338 # 1 # ID=1_6033;partial=00;start_type=ATG;rbs_motif=None;rbs_spacer=None;gc_cont=0.412
1:2791026-2791262|+  -             79 1592033at2           -            393   9.5e-05   21.0   0.0   1   1     1e-07    0.0001   20.9   0.0   192   250    14    73     4    77 0.88 1_6035 # 2791026 # 2791262 # 1 # ID=1_6035;partial=00;start_type=TTG;rbs_motif=None;rbs_spacer=None;gc_cont=0.401
1:2789618-2789815|+  -             66 1592033at2           -            393   0.00032   19.3   0.0   1   1   3.2e-07   0.00032   19.3   0.0   196   219     6    29     2    53 0.85 1_6032 # 2789618 # 2789815 # 1 # ID=1_6032;partial=00;start_type=ATG;rbs_motif=AATAA;rbs_spacer=10bp;gc_cont=0.414
1:1497262-1497450|-  -             63 1592033at2           -            393   0.00074   18.0   0.0   1   1   7.5e-07   0.00074   18.0   0.0   322   372    12    60     2    62 0.79 1_3285 # 1497262 # 1497450 # -1 # ID=1_3285;partial=00;start_type=TTG;rbs_motif=AAAA;rbs_spacer=11bp;gc_cont=0.423
1:641362-642333|-    -            324 1592033at2           -            393    0.0015   17.1   0.1   1   2   6.7e-06    0.0066   14.9   0.0   191   223    92   124    60   152 0.80 1_1408 # 641362 # 642333 # -1 # ID=1_1408;partial=00;start_type=GTG;rbs_motif=None;rbs_spacer=None;gc_cont=0.455
1:641362-642333|-    -            324 1592033at2           -            393    0.0015   17.1   0.1   2   2      0.24   2.4e+02   -0.1   0.0   273   319   174   215   166   259 0.71 1_1408 # 641362 # 642333 # -1 # ID=1_1408;partial=00;start_type=GTG;rbs_motif=None;rbs_spacer=None;gc_cont=0.455
2:1116136-1116594|-  -            153 1592033at2           -            393     0.053   11.9   0.0   1   1     7e-05     0.069   11.6   0.0    34    85    52   103    31   123 0.90 2_2379 # 1116136 # 1116594 # -1 # ID=2_2379;partial=00;start_type=TTG;rbs_motif=None;rbs_spacer=None;gc_cont=0.521
#
# Program:         hmmsearch
# Version:         3.4 (Aug 2023)
# Pipeline mode:   SEARCH
# Query file:      /home/kpchuang/Documents/03_whole_genome_assembly/01_raw_reads/long_reads_assembly/busco_downloads/lineages/bacteria_odb10/hmms/1592033at2.hmm
# Target file:     /home/kpchuang/Documents/03_whole_genome_assembly/01_raw_reads/long_reads_assembly/06_genome_quality_assessment/03_busco/long_reads_only_assembly/busco_results_long/prodigal_output/predicted_genes/predicted.faa
# Option settings: hmmsearch --domtblout /home/kpchuang/Documents/03_whole_genome_assembly/01_raw_reads/long_reads_assembly/06_genome_quality_assessment/03_busco/long_reads_only_assembly/busco_results_long/run_bacteria_odb10/hmmer_output/1592033at2.out --cpu 1 /home/kpchuang/Documents/03_whole_genome_assembly/01_raw_reads/long_reads_assembly/busco_downloads/lineages/bacteria_odb10/hmms/1592033at2.hmm /home/kpchuang/Documents/03_whole_genome_assembly/01_raw_reads/long_reads_assembly/06_genome_quality_assessment/03_busco/long_reads_only_assembly/busco_results_long/prodigal_output/predicted_genes/predicted.faa 
# Current dir:     /home/kpchuang/Documents/03_whole_genome_assembly/01_raw_reads/long_reads_assembly
# Date:            Sun Jan  4 15:52:22 2026
# [ok]
