#                                                                            --- full sequence --- -------------- this domain -------------   hmm coord   ali coord   env coord
# target name        accession   tlen query name           accession   qlen   E-value  score  bias   #  of  c-Evalue  i-Evalue  score  bias  from    to  from    to  from    to  acc description of target
#------------------- ---------- ----- -------------------- ---------- ----- --------- ------ ----- --- --- --------- --------- ------ ----- ----- ----- ----- ----- ----- ----- ---- ---------------------
2:240824-241573|-    -            250 182107at2            -            492   1.9e-83  279.9   4.7   1   1   9.6e-85   6.3e-82  274.9   4.7   289   492     1   249     1   249 0.90 2_529 # 240824 # 241573 # -1 # ID=2_529;partial=00;start_type=ATG;rbs_motif=None;rbs_spacer=None;gc_cont=0.448
2:242102-242530|-    -            143 182107at2            -            492   3.4e-51  173.5   0.0   1   1   5.9e-54   3.9e-51  173.4   0.0    21   143    10   141     4   142 0.91 2_532 # 242102 # 242530 # -1 # ID=2_532;partial=00;start_type=TTG;rbs_motif=None;rbs_spacer=None;gc_cont=0.457
1:1685992-1686921|+  -            310 182107at2            -            492   6.3e-26   90.2   0.6   1   2     9e-26   5.9e-23   80.4   0.3     1   129    19   165    19   179 0.82 1_3693 # 1685992 # 1686921 # 1 # ID=1_3693;partial=00;start_type=GTG;rbs_motif=None;rbs_spacer=None;gc_cont=0.399
1:1685992-1686921|+  -            310 182107at2            -            492   6.3e-26   90.2   0.6   2   2     0.001      0.68    7.6   0.0   131   199   232   303   196   308 0.82 1_3693 # 1685992 # 1686921 # 1 # ID=1_3693;partial=00;start_type=GTG;rbs_motif=None;rbs_spacer=None;gc_cont=0.399
1:2694709-2695380|+  -            224 182107at2            -            492   2.8e-24   84.8   0.0   1   1   8.1e-27   5.3e-24   83.8   0.0     2   132    10   162     9   185 0.83 1_5841 # 2694709 # 2695380 # 1 # ID=1_5841;partial=00;start_type=ATG;rbs_motif=AAAAAA;rbs_spacer=4bp;gc_cont=0.458
1:2023687-2025090|-  -            468 182107at2            -            492   1.6e-22   79.0   0.5   1   1   4.5e-25     3e-22   78.1   0.5     5   194   190   393   188   407 0.82 1_4424 # 2023687 # 2025090 # -1 # ID=1_4424;partial=00;start_type=GTG;rbs_motif=AAAAAA;rbs_spacer=6bp;gc_cont=0.452
1:2431830-2432099|-  -             90 182107at2            -            492   1.8e-16   59.0   0.0   1   1     3e-19     2e-16   58.9   0.0    30    89     1    64     1    79 0.89 1_5310 # 2431830 # 2432099 # -1 # ID=1_5310;partial=00;start_type=ATG;rbs_motif=None;rbs_spacer=None;gc_cont=0.396
2:241542-241805|-    -             88 182107at2            -            492   5.7e-16   57.4   0.0   1   1   9.6e-19   6.3e-16   57.2   0.0   229   275    19    65     2    75 0.84 2_530 # 241542 # 241805 # -1 # ID=2_530;partial=00;start_type=GTG;rbs_motif=AAA;rbs_spacer=9bp;gc_cont=0.496
1:755864-756127|-    -             88 182107at2            -            492   5.2e-14   50.9   0.0   1   1   9.7e-17   6.4e-14   50.6   0.0    46   113     6    73     4    77 0.96 1_1650 # 755864 # 756127 # -1 # ID=1_1650;partial=00;start_type=ATG;rbs_motif=None;rbs_spacer=None;gc_cont=0.485
1:2454683-2455198|+  -            172 182107at2            -            492   1.4e-13   49.4   0.0   1   1     1e-15   6.7e-13   47.2   0.0    72   200     2   152     1   166 0.78 1_5355 # 2454683 # 2455198 # 1 # ID=1_5355;partial=00;start_type=ATG;rbs_motif=None;rbs_spacer=None;gc_cont=0.467
2:241942-242145|-    -             68 182107at2            -            492   3.1e-13   48.3   0.0   1   1     5e-16   3.3e-13   48.2   0.0   141   193    11    67     3    67 0.90 2_531 # 241942 # 242145 # -1 # ID=2_531;partial=00;start_type=ATG;rbs_motif=None;rbs_spacer=None;gc_cont=0.461
1:2454415-2454618|+  -             68 182107at2            -            492   1.4e-11   42.9   0.2   1   1   2.9e-14   1.9e-11   42.4   0.2     1    50     4    64     4    66 0.76 1_5354 # 2454415 # 2454618 # 1 # ID=1_5354;partial=00;start_type=ATG;rbs_motif=AATAA;rbs_spacer=10bp;gc_cont=0.397
1:370320-370889|-    -            190 182107at2            -            492   6.4e-10   37.4   0.2   1   2      0.19   1.2e+02    0.2   0.0     9    23    27    41    23    59 0.71 1_834 # 370320 # 370889 # -1 # ID=1_834;partial=00;start_type=ATG;rbs_motif=AAA;rbs_spacer=10bp;gc_cont=0.449
1:370320-370889|-    -            190 182107at2            -            492   6.4e-10   37.4   0.2   2   2   4.7e-12   3.1e-09   35.1   0.0    26   126    73   178    64   187 0.82 1_834 # 370320 # 370889 # -1 # ID=1_834;partial=00;start_type=ATG;rbs_motif=AAA;rbs_spacer=10bp;gc_cont=0.449
1:2695914-2696828|+  -            305 182107at2            -            492   2.4e-09   35.5   0.0   1   2   8.7e-10   5.7e-07   27.7   0.0   239   326    14    99     6   104 0.84 1_5843 # 2695914 # 2696828 # 1 # ID=1_5843;partial=00;start_type=TTG;rbs_motif=None;rbs_spacer=None;gc_cont=0.446
1:2695914-2696828|+  -            305 182107at2            -            492   2.4e-09   35.5   0.0   2   2    0.0042       2.8    5.6   0.0   322   351   206   235   192   241 0.89 1_5843 # 2695914 # 2696828 # 1 # ID=1_5843;partial=00;start_type=TTG;rbs_motif=None;rbs_spacer=None;gc_cont=0.446
1:2455195-2456217|+  -            341 182107at2            -            492   2.8e-05   22.1   0.0   1   1   5.9e-08   3.9e-05   21.6   0.0   284   353    99   165    59   184 0.85 1_5356 # 2455195 # 2456217 # 1 # ID=1_5356;partial=00;start_type=GTG;rbs_motif=None;rbs_spacer=None;gc_cont=0.441
1:2677786-2678697|+  -            304 182107at2            -            492   0.00045   18.1   0.1   1   1   1.2e-06   0.00081   17.3   0.1    71   212     7   170     3   191 0.72 1_5812 # 2677786 # 2678697 # 1 # ID=1_5812;partial=00;start_type=ATG;rbs_motif=None;rbs_spacer=None;gc_cont=0.451
1:2789766-2790338|+  -            191 182107at2            -            492    0.0011   16.9   0.0   1   1     2e-06    0.0013   16.6   0.0    95   157    57   120     2   126 0.72 1_6033 # 2789766 # 2790338 # 1 # ID=1_6033;partial=00;start_type=ATG;rbs_motif=None;rbs_spacer=None;gc_cont=0.412
1:3189340-3189525|+  -             62 182107at2            -            492     0.027   12.2   0.0   1   1   4.3e-05     0.028   12.2   0.0    49    89     7    47     4    59 0.86 1_6904 # 3189340 # 3189525 # 1 # ID=1_6904;partial=00;start_type=GTG;rbs_motif=None;rbs_spacer=None;gc_cont=0.468
1:756127-756339|-    -             71 182107at2            -            492     0.046   11.5   0.0   1   1   7.2e-05     0.047   11.4   0.0     2    22    11    31    10    57 0.80 1_1651 # 756127 # 756339 # -1 # ID=1_1651;partial=00;start_type=ATG;rbs_motif=None;rbs_spacer=None;gc_cont=0.441
#
# Program:         hmmsearch
# Version:         3.4 (Aug 2023)
# Pipeline mode:   SEARCH
# Query file:      /home/kpchuang/Documents/03_whole_genome_assembly/01_raw_reads/long_reads_assembly/busco_downloads/lineages/bacteria_odb10/hmms/182107at2.hmm
# Target file:     /home/kpchuang/Documents/03_whole_genome_assembly/01_raw_reads/long_reads_assembly/06_genome_quality_assessment/03_busco/long_reads_only_assembly/busco_results_long/prodigal_output/predicted_genes/predicted.faa
# Option settings: hmmsearch --domtblout /home/kpchuang/Documents/03_whole_genome_assembly/01_raw_reads/long_reads_assembly/06_genome_quality_assessment/03_busco/long_reads_only_assembly/busco_results_long/run_bacteria_odb10/hmmer_output/182107at2.out --cpu 1 /home/kpchuang/Documents/03_whole_genome_assembly/01_raw_reads/long_reads_assembly/busco_downloads/lineages/bacteria_odb10/hmms/182107at2.hmm /home/kpchuang/Documents/03_whole_genome_assembly/01_raw_reads/long_reads_assembly/06_genome_quality_assessment/03_busco/long_reads_only_assembly/busco_results_long/prodigal_output/predicted_genes/predicted.faa 
# Current dir:     /home/kpchuang/Documents/03_whole_genome_assembly/01_raw_reads/long_reads_assembly
# Date:            Sun Jan  4 15:52:22 2026
# [ok]
