#                                                                            --- full sequence --- -------------- this domain -------------   hmm coord   ali coord   env coord
# target name        accession   tlen query name           accession   qlen   E-value  score  bias   #  of  c-Evalue  i-Evalue  score  bias  from    to  from    to  from    to  acc description of target
#------------------- ---------- ----- -------------------- ---------- ----- --------- ------ ----- --- --- --------- --------- ------ ----- ----- ----- ----- ----- ----- ----- ---- ---------------------
1:1389485-1389946|+  -            154 1827334at2           -             97   4.4e-22   77.4   0.6   1   2   4.8e-20   8.2e-17   60.5   0.2     1    67     1    79     1    87 0.83 1_3048 # 1389485 # 1389946 # 1 # ID=1_3048;partial=00;start_type=ATG;rbs_motif=None;rbs_spacer=None;gc_cont=0.424
1:1389485-1389946|+  -            154 1827334at2           -             97   4.4e-22   77.4   0.6   2   2   6.2e-05      0.11   12.0   0.0    71    84   111   128   102   143 0.76 1_3048 # 1389485 # 1389946 # 1 # ID=1_3048;partial=00;start_type=ATG;rbs_motif=None;rbs_spacer=None;gc_cont=0.424
1:1860203-1861429|+  -            409 1827334at2           -             97     0.011   15.2   0.0   1   2     0.013        23    4.6   0.0    32    86   112   165   107   176 0.80 1_4075 # 1860203 # 1861429 # 1 # ID=1_4075;partial=00;start_type=ATG;rbs_motif=None;rbs_spacer=None;gc_cont=0.364
1:1860203-1861429|+  -            409 1827334at2           -             97     0.011   15.2   0.0   2   2    0.0013       2.3    7.8   0.0    65    83   221   239   213   256 0.79 1_4075 # 1860203 # 1861429 # 1 # ID=1_4075;partial=00;start_type=ATG;rbs_motif=None;rbs_spacer=None;gc_cont=0.364
2:222532-222906|+    -            125 1827334at2           -             97     0.014   14.8   0.0   1   2   0.00043      0.73    9.3   0.0    36    63    40    66    37    80 0.86 2_478 # 222532 # 222906 # 1 # ID=2_478;partial=00;start_type=ATG;rbs_motif=None;rbs_spacer=None;gc_cont=0.493
2:222532-222906|+    -            125 1827334at2           -             97     0.014   14.8   0.0   2   2     0.024        41    3.7   0.0    63    86    98   121    82   124 0.83 2_478 # 222532 # 222906 # 1 # ID=2_478;partial=00;start_type=ATG;rbs_motif=None;rbs_spacer=None;gc_cont=0.493
3:4502-4819|-        -            106 1827334at2           -             97     0.016   14.6   0.0   1   1   1.4e-05     0.024   14.1   0.0    29    67     4    42     2    58 0.87 3_5 # 4502 # 4819 # -1 # ID=3_5;partial=00;start_type=ATG;rbs_motif=None;rbs_spacer=None;gc_cont=0.327
1:1523129-1523374|+  -             82 1827334at2           -             97     0.044   13.3   0.0   1   1   3.6e-05     0.061   12.8   0.0    35    64    45    74    32    79 0.91 1_3341 # 1523129 # 1523374 # 1 # ID=1_3341;partial=00;start_type=ATG;rbs_motif=AATAA;rbs_spacer=3bp;gc_cont=0.427
4:168416-168655|+    -             80 1827334at2           -             97     0.057   12.9   0.0   1   1   4.3e-05     0.072   12.6   0.0    34    69    39    74    34    79 0.87 4_398 # 168416 # 168655 # 1 # ID=4_398;partial=00;start_type=ATG;rbs_motif=None;rbs_spacer=None;gc_cont=0.500
1:405060-405461|+    -            134 1827334at2           -             97       0.1   12.1   0.0   1   1   9.5e-05      0.16   11.5   0.0    35    70    55    90    51    97 0.89 1_912 # 405060 # 405461 # 1 # ID=1_912;partial=00;start_type=GTG;rbs_motif=None;rbs_spacer=None;gc_cont=0.473
#
# Program:         hmmsearch
# Version:         3.4 (Aug 2023)
# Pipeline mode:   SEARCH
# Query file:      /home/kpchuang/Documents/03_whole_genome_assembly/01_raw_reads/long_reads_assembly/busco_downloads/lineages/bacteria_odb10/hmms/1827334at2.hmm
# Target file:     /home/kpchuang/Documents/03_whole_genome_assembly/01_raw_reads/long_reads_assembly/06_genome_quality_assessment/03_busco/long_reads_only_assembly/busco_results_long/prodigal_output/predicted_genes/predicted.faa
# Option settings: hmmsearch --domtblout /home/kpchuang/Documents/03_whole_genome_assembly/01_raw_reads/long_reads_assembly/06_genome_quality_assessment/03_busco/long_reads_only_assembly/busco_results_long/run_bacteria_odb10/hmmer_output/1827334at2.out --cpu 1 /home/kpchuang/Documents/03_whole_genome_assembly/01_raw_reads/long_reads_assembly/busco_downloads/lineages/bacteria_odb10/hmms/1827334at2.hmm /home/kpchuang/Documents/03_whole_genome_assembly/01_raw_reads/long_reads_assembly/06_genome_quality_assessment/03_busco/long_reads_only_assembly/busco_results_long/prodigal_output/predicted_genes/predicted.faa 
# Current dir:     /home/kpchuang/Documents/03_whole_genome_assembly/01_raw_reads/long_reads_assembly
# Date:            Sun Jan  4 15:52:22 2026
# [ok]
