#                                                                            --- full sequence --- -------------- this domain -------------   hmm coord   ali coord   env coord
# target name        accession   tlen query name           accession   qlen   E-value  score  bias   #  of  c-Evalue  i-Evalue  score  bias  from    to  from    to  from    to  acc description of target
#------------------- ---------- ----- -------------------- ---------- ----- --------- ------ ----- --- --- --------- --------- ------ ----- ----- ----- ----- ----- ----- ----- ---- ---------------------
1:1677007-1678146|+  -            380 223233at2            -            494   1.2e-32  112.8   0.6   1   2   7.8e-33   4.6e-30  104.3   0.4    84   248    88   286    69   290 0.92 1_3675 # 1677007 # 1678146 # 1 # ID=1_3675;partial=00;start_type=TTG;rbs_motif=None;rbs_spacer=None;gc_cont=0.566
1:1677007-1678146|+  -            380 223233at2            -            494   1.2e-32  112.8   0.6   2   2      0.98   5.8e+02   -1.6   0.0   267   294   338   365   330   375 0.78 1_3675 # 1677007 # 1678146 # 1 # ID=1_3675;partial=00;start_type=TTG;rbs_motif=None;rbs_spacer=None;gc_cont=0.566
1:2505024-2505341|-  -            106 223233at2            -            494   6.7e-29  100.4   0.4   1   1   1.2e-31   7.2e-29  100.3   0.4   110   180     2    75     1    96 0.83 1_5447 # 2505024 # 2505341 # -1 # ID=1_5447;partial=00;start_type=GTG;rbs_motif=None;rbs_spacer=None;gc_cont=0.525
3:240821-241555|+    -            245 223233at2            -            494   1.7e-22   79.3   0.1   1   2   8.7e-19   5.2e-16   57.9   0.2   179   248     6    76     1    81 0.92 3_543 # 240821 # 241555 # 1 # ID=3_543;partial=00;start_type=ATG;rbs_motif=AAAAAA;rbs_spacer=4bp;gc_cont=0.450
3:240821-241555|+    -            245 223233at2            -            494   1.7e-22   79.3   0.1   2   2   4.1e-07   0.00024   19.4   0.0   264   344   127   225    96   227 0.75 3_543 # 240821 # 241555 # 1 # ID=3_543;partial=00;start_type=ATG;rbs_motif=AAAAAA;rbs_spacer=4bp;gc_cont=0.450
1:2443823-2444419|-  -            199 223233at2            -            494   6.6e-21   74.1   1.0   1   2     4e-20   2.4e-17   62.4   0.6   178   248     6    77     1    80 0.92 1_5330 # 2443823 # 2444419 # -1 # ID=1_5330;partial=00;start_type=GTG;rbs_motif=None;rbs_spacer=None;gc_cont=0.598
1:2443823-2444419|-  -            199 223233at2            -            494   6.6e-21   74.1   1.0   2   2   0.00024      0.14   10.3   0.0   267   317   129   186   108   191 0.82 1_5330 # 2443823 # 2444419 # -1 # ID=1_5330;partial=00;start_type=GTG;rbs_motif=None;rbs_spacer=None;gc_cont=0.598
1:2444424-2444924|-  -            167 223233at2            -            494   1.7e-20   72.7   0.0   1   1   3.3e-23     2e-20   72.5   0.0    47   189     4   157     1   163 0.85 1_5331 # 2444424 # 2444924 # -1 # ID=1_5331;partial=00;start_type=GTG;rbs_motif=None;rbs_spacer=None;gc_cont=0.595
1:2504426-2504875|-  -            150 223233at2            -            494   6.3e-20   70.8   1.2   1   1   3.2e-21   1.9e-18   66.0   1.2   232   323     1   129     1   142 0.69 1_5445 # 2504426 # 2504875 # -1 # ID=1_5445;partial=00;start_type=ATG;rbs_motif=None;rbs_spacer=None;gc_cont=0.498
1:2503708-2504376|-  -            223 223233at2            -            494   8.2e-20   70.5   0.7   1   2     3e-13   1.8e-10   39.7   0.1   346   374     2    30     1    46 0.95 1_5444 # 2503708 # 2504376 # -1 # ID=1_5444;partial=00;start_type=GTG;rbs_motif=None;rbs_spacer=None;gc_cont=0.459
1:2503708-2504376|-  -            223 223233at2            -            494   8.2e-20   70.5   0.7   2   2   3.5e-10   2.1e-07   29.6   0.1   381   463    80   170    72   213 0.61 1_5444 # 2503708 # 2504376 # -1 # ID=1_5444;partial=00;start_type=GTG;rbs_motif=None;rbs_spacer=None;gc_cont=0.459
1:692117-692599|-    -            161 223233at2            -            494   4.8e-17   61.3   0.0   1   2     3e-19   1.8e-16   59.4   0.1   180   248     2    70     1    75 0.95 1_1508 # 692117 # 692599 # -1 # ID=1_1508;partial=00;start_type=GTG;rbs_motif=None;rbs_spacer=None;gc_cont=0.555
1:692117-692599|-    -            161 223233at2            -            494   4.8e-17   61.3   0.0   2   2      0.47   2.8e+02   -0.6   0.0   265   295   122   152   100   157 0.86 1_1508 # 692117 # 692599 # -1 # ID=1_1508;partial=00;start_type=GTG;rbs_motif=None;rbs_spacer=None;gc_cont=0.555
1:1678107-1679396|+  -            430 223233at2            -            494   1.5e-16   59.7   0.0   1   1   5.5e-17   3.2e-14   52.0   0.0   298   439     9   200     5   254 0.66 1_3676 # 1678107 # 1679396 # 1 # ID=1_3676;partial=00;start_type=ATG;rbs_motif=None;rbs_spacer=None;gc_cont=0.540
1:2972841-2973236|+  -            132 223233at2            -            494   2.1e-15   55.9   0.0   1   1   3.9e-18   2.3e-15   55.8   0.0    49   163     2   127     1   130 0.88 1_6425 # 2972841 # 2973236 # 1 # ID=1_6425;partial=00;start_type=TTG;rbs_motif=None;rbs_spacer=None;gc_cont=0.583
1:692592-693377|-    -            262 223233at2            -            494     2e-14   52.7   0.0   1   1   5.3e-17   3.2e-14   52.0   0.0    17   157    33   211    31   219 0.85 1_1509 # 692592 # 693377 # -1 # ID=1_1509;partial=00;start_type=ATG;rbs_motif=AAAAAA;rbs_spacer=10bp;gc_cont=0.564
3:240507-240839|+    -            111 223233at2            -            494   4.3e-14   51.6   0.0   1   1   7.9e-17   4.7e-14   51.5   0.0   104   187     6    95     1   101 0.80 3_542 # 240507 # 240839 # 1 # ID=3_542;partial=00;start_type=TTG;rbs_motif=AAGAA;rbs_spacer=11bp;gc_cont=0.492
1:691278-692174|-    -            299 223233at2            -            494   4.3e-13   48.3   0.1   1   1   2.7e-13   1.6e-10   39.8   0.1   295   420    17   180    13   263 0.61 1_1507 # 691278 # 692174 # -1 # ID=1_1507;partial=00;start_type=GTG;rbs_motif=None;rbs_spacer=None;gc_cont=0.563
1:3252463-3252798|+  -            112 223233at2            -            494   3.5e-11   42.0   0.0   1   1   6.4e-14   3.8e-11   41.9   0.0   114   171     2    63     1    84 0.89 1_7030 # 3252463 # 3252798 # 1 # ID=1_7030;partial=00;start_type=ATG;rbs_motif=None;rbs_spacer=None;gc_cont=0.461
1:2973284-2973616|+  -            111 223233at2            -            494   6.3e-11   41.2   0.1   1   1   1.2e-13   7.3e-11   40.9   0.1   177   231    21    75     3    82 0.88 1_6426 # 2973284 # 2973616 # 1 # ID=1_6426;partial=00;start_type=TTG;rbs_motif=None;rbs_spacer=None;gc_cont=0.622
1:3253364-3253612|+  -             83 223233at2            -            494   1.2e-09   37.0   0.0   1   2   3.9e-06    0.0023   16.2   0.0   322   352    21    51     7    52 0.87 1_7032 # 3253364 # 3253612 # 1 # ID=1_7032;partial=00;start_type=ATG;rbs_motif=AAA;rbs_spacer=7bp;gc_cont=0.454
1:3253364-3253612|+  -             83 223233at2            -            494   1.2e-09   37.0   0.0   2   2   4.8e-07   0.00028   19.2   0.0   344   366    59    81    55    82 0.89 1_7032 # 3253364 # 3253612 # 1 # ID=1_7032;partial=00;start_type=ATG;rbs_motif=AAA;rbs_spacer=7bp;gc_cont=0.454
1:3252821-3253009|+  -             63 223233at2            -            494   2.9e-09   35.7   0.0   1   1   5.6e-12   3.3e-09   35.5   0.0   180   233     2    55     1    57 0.97 1_7031 # 3252821 # 3253009 # 1 # ID=1_7031;partial=00;start_type=GTG;rbs_motif=AAAA;rbs_spacer=10bp;gc_cont=0.434
1:2443560-2443820|-  -             87 223233at2            -            494   1.4e-08   33.4   0.1   1   2    0.0018         1    7.4   0.1   328   352     6    30     2    34 0.90 1_5329 # 2443560 # 2443820 # -1 # ID=1_5329;partial=00;start_type=TTG;rbs_motif=None;rbs_spacer=None;gc_cont=0.567
1:2443560-2443820|-  -             87 223233at2            -            494   1.4e-08   33.4   0.1   2   2   1.2e-08   6.9e-06   24.5   0.0   343   374    37    68    31    82 0.83 1_5329 # 2443560 # 2443820 # -1 # ID=1_5329;partial=00;start_type=TTG;rbs_motif=None;rbs_spacer=None;gc_cont=0.567
3:241504-241680|+    -             59 223233at2            -            494   1.1e-05   23.9   0.0   1   1   2.1e-08   1.2e-05   23.7   0.0   347   375    16    44    14    52 0.90 3_544 # 241504 # 241680 # 1 # ID=3_544;partial=00;start_type=ATG;rbs_motif=None;rbs_spacer=None;gc_cont=0.514
1:3252185-3252499|+  -            105 223233at2            -            494    0.0012   17.1   0.0   1   1   2.3e-06    0.0014   17.0   0.0    41   100    13    79     5    94 0.80 1_7029 # 3252185 # 3252499 # 1 # ID=1_7029;partial=00;start_type=ATG;rbs_motif=None;rbs_spacer=None;gc_cont=0.473
#
# Program:         hmmsearch
# Version:         3.4 (Aug 2023)
# Pipeline mode:   SEARCH
# Query file:      /home/kpchuang/Documents/03_whole_genome_assembly/01_raw_reads/long_reads_assembly/busco_downloads/lineages/bacteria_odb10/hmms/223233at2.hmm
# Target file:     /home/kpchuang/Documents/03_whole_genome_assembly/01_raw_reads/long_reads_assembly/06_genome_quality_assessment/03_busco/long_reads_only_assembly/busco_results_long/prodigal_output/predicted_genes/predicted.faa
# Option settings: hmmsearch --domtblout /home/kpchuang/Documents/03_whole_genome_assembly/01_raw_reads/long_reads_assembly/06_genome_quality_assessment/03_busco/long_reads_only_assembly/busco_results_long/run_bacteria_odb10/hmmer_output/223233at2.out --cpu 1 /home/kpchuang/Documents/03_whole_genome_assembly/01_raw_reads/long_reads_assembly/busco_downloads/lineages/bacteria_odb10/hmms/223233at2.hmm /home/kpchuang/Documents/03_whole_genome_assembly/01_raw_reads/long_reads_assembly/06_genome_quality_assessment/03_busco/long_reads_only_assembly/busco_results_long/prodigal_output/predicted_genes/predicted.faa 
# Current dir:     /home/kpchuang/Documents/03_whole_genome_assembly/01_raw_reads/long_reads_assembly
# Date:            Sun Jan  4 15:52:23 2026
# [ok]
