#                                                                            --- full sequence --- -------------- this domain -------------   hmm coord   ali coord   env coord
# target name        accession   tlen query name           accession   qlen   E-value  score  bias   #  of  c-Evalue  i-Evalue  score  bias  from    to  from    to  from    to  acc description of target
#------------------- ---------- ----- -------------------- ---------- ----- --------- ------ ----- --- --- --------- --------- ------ ----- ----- ----- ----- ----- ----- ----- ---- ---------------------
2:75301-75612|+      -            104 226836at2            -            473     3e-57  193.2   0.5   1   1   2.3e-60   3.5e-57  193.0   0.5   129   225     1   100     1   102 0.95 2_162 # 75301 # 75612 # 1 # ID=2_162;partial=00;start_type=TTG;rbs_motif=None;rbs_spacer=None;gc_cont=0.452
2:76151-76489|+      -            113 226836at2            -            473   3.8e-38  130.3   0.0   1   1   2.9e-41   4.4e-38  130.1   0.0   350   439     2   101     1   108 0.90 2_165 # 76151 # 76489 # 1 # ID=2_165;partial=00;start_type=ATG;rbs_motif=AAGAA;rbs_spacer=12bp;gc_cont=0.472
2:74822-75310|+      -            163 226836at2            -            473   2.6e-32  111.0   2.1   1   1   3.8e-35   5.6e-32  109.9   2.1     1   122     3   148     3   158 0.83 2_161 # 74822 # 75310 # 1 # ID=2_161;partial=00;start_type=ATG;rbs_motif=AAAAA;rbs_spacer=13bp;gc_cont=0.419
2:75572-75988|+      -            139 226836at2            -            473     3e-13   48.2   0.0   1   1   2.9e-16   4.3e-13   47.7   0.0   222   295    14   106     6   136 0.69 2_163 # 75572 # 75988 # 1 # ID=2_163;partial=00;start_type=TTG;rbs_motif=None;rbs_spacer=None;gc_cont=0.405
1:2876939-2877889|+  -            317 226836at2            -            473   5.4e-11   40.7   0.0   1   3     0.012        17    2.8   0.0   180   224    19    67     7    75 0.78 1_6221 # 2876939 # 2877889 # 1 # ID=1_6221;partial=00;start_type=TTG;rbs_motif=AAA;rbs_spacer=9bp;gc_cont=0.428
1:2876939-2877889|+  -            317 226836at2            -            473   5.4e-11   40.7   0.0   2   3      0.83   1.2e+03   -3.3   0.0   220   238    93   111    87   113 0.83 1_6221 # 2876939 # 2877889 # 1 # ID=1_6221;partial=00;start_type=TTG;rbs_motif=AAA;rbs_spacer=9bp;gc_cont=0.428
1:2876939-2877889|+  -            317 226836at2            -            473   5.4e-11   40.7   0.0   3   3   1.6e-12   2.4e-09   35.3   0.0   355   456   162   261   138   265 0.78 1_6221 # 2876939 # 2877889 # 1 # ID=1_6221;partial=00;start_type=TTG;rbs_motif=AAA;rbs_spacer=9bp;gc_cont=0.428
1:2876259-2876822|+  -            188 226836at2            -            473   3.3e-07   28.2   0.2   1   1   2.7e-10   3.9e-07   28.0   0.2    12    88    40   122    30   153 0.81 1_6220 # 2876259 # 2876822 # 1 # ID=1_6220;partial=00;start_type=TTG;rbs_motif=None;rbs_spacer=None;gc_cont=0.418
1:3234341-3234889|-  -            183 226836at2            -            473   0.00092   16.9   0.0   1   1   8.5e-07    0.0013   16.4   0.0    98   185    65   161    56   164 0.75 1_6993 # 3234341 # 3234889 # -1 # ID=1_6993;partial=00;start_type=ATG;rbs_motif=None;rbs_spacer=None;gc_cont=0.459
2:76429-76581|+      -             51 226836at2            -            473     0.012   13.3   0.0   1   1   7.9e-06     0.012   13.3   0.0   436   473     5    42     1    42 0.90 2_166 # 76429 # 76581 # 1 # ID=2_166;partial=00;start_type=TTG;rbs_motif=None;rbs_spacer=None;gc_cont=0.431
#
# Program:         hmmsearch
# Version:         3.4 (Aug 2023)
# Pipeline mode:   SEARCH
# Query file:      /home/kpchuang/Documents/03_whole_genome_assembly/01_raw_reads/long_reads_assembly/busco_downloads/lineages/bacteria_odb10/hmms/226836at2.hmm
# Target file:     /home/kpchuang/Documents/03_whole_genome_assembly/01_raw_reads/long_reads_assembly/06_genome_quality_assessment/03_busco/long_reads_only_assembly/busco_results_long/prodigal_output/predicted_genes/predicted.faa
# Option settings: hmmsearch --domtblout /home/kpchuang/Documents/03_whole_genome_assembly/01_raw_reads/long_reads_assembly/06_genome_quality_assessment/03_busco/long_reads_only_assembly/busco_results_long/run_bacteria_odb10/hmmer_output/226836at2.out --cpu 1 /home/kpchuang/Documents/03_whole_genome_assembly/01_raw_reads/long_reads_assembly/busco_downloads/lineages/bacteria_odb10/hmms/226836at2.hmm /home/kpchuang/Documents/03_whole_genome_assembly/01_raw_reads/long_reads_assembly/06_genome_quality_assessment/03_busco/long_reads_only_assembly/busco_results_long/prodigal_output/predicted_genes/predicted.faa 
# Current dir:     /home/kpchuang/Documents/03_whole_genome_assembly/01_raw_reads/long_reads_assembly
# Date:            Sun Jan  4 15:52:23 2026
# [ok]
