#                                                                            --- full sequence --- -------------- this domain -------------   hmm coord   ali coord   env coord
# target name        accession   tlen query name           accession   qlen   E-value  score  bias   #  of  c-Evalue  i-Evalue  score  bias  from    to  from    to  from    to  acc description of target
#------------------- ---------- ----- -------------------- ---------- ----- --------- ------ ----- --- --- --------- --------- ------ ----- ----- ----- ----- ----- ----- ----- ---- ---------------------
3:196149-196835|+    -            229 430176at2            -            369     9e-99  330.5   0.2   1   1  6.9e-102     1e-98  330.3   0.2   172   369     1   214     1   214 0.93 3_438 # 196149 # 196835 # 1 # ID=3_438;partial=00;start_type=TTG;rbs_motif=None;rbs_spacer=None;gc_cont=0.466
3:195714-196007|+    -             98 430176at2            -            369   1.4e-34  119.3   1.5   1   1     1e-37   1.5e-34  119.2   1.5    67   137     1    74     1    88 0.93 3_437 # 195714 # 196007 # 1 # ID=3_437;partial=00;start_type=GTG;rbs_motif=None;rbs_spacer=None;gc_cont=0.408
2:452732-453367|-    -            212 430176at2            -            369   1.2e-14   53.7   0.1   1   1     1e-17   1.5e-14   53.4   0.1    67   231     1   181     1   198 0.79 2_978 # 452732 # 453367 # -1 # ID=2_978;partial=00;start_type=TTG;rbs_motif=AAAAAA;rbs_spacer=15bp;gc_cont=0.484
3:195316-195699|+    -            128 430176at2            -            369   6.7e-10   38.1   0.2   1   2      0.12   1.7e+02    0.5   0.0    42    68     2    28     1    35 0.79 3_436 # 195316 # 195699 # 1 # ID=3_436;partial=00;start_type=ATG;rbs_motif=AAAAAA;rbs_spacer=10bp;gc_cont=0.435
3:195316-195699|+    -            128 430176at2            -            369   6.7e-10   38.1   0.2   2   2   2.7e-12     4e-09   35.5   0.1    10    60    47   108    42   117 0.86 3_436 # 195316 # 195699 # 1 # ID=3_436;partial=00;start_type=ATG;rbs_motif=AAAAAA;rbs_spacer=10bp;gc_cont=0.435
2:451313-452212|-    -            300 430176at2            -            369   3.2e-08   32.5   0.0   1   2       1.2   1.8e+03   -2.8   0.0    43    57    82    96    76   100 0.84 2_976 # 451313 # 452212 # -1 # ID=2_976;partial=00;start_type=ATG;rbs_motif=AATAA;rbs_spacer=4bp;gc_cont=0.472
2:451313-452212|-    -            300 430176at2            -            369   3.2e-08   32.5   0.0   2   2     5e-11   7.4e-08   31.3   0.0    45   215   102   278    97   283 0.84 2_976 # 451313 # 452212 # -1 # ID=2_976;partial=00;start_type=ATG;rbs_motif=AATAA;rbs_spacer=4bp;gc_cont=0.472
3:200580-201299|+    -            240 430176at2            -            369   0.00049   18.8   0.0   1   1   2.2e-05     0.033   12.8   0.0   197   277   139   221    21   231 0.77 3_447 # 200580 # 201299 # 1 # ID=3_447;partial=00;start_type=GTG;rbs_motif=None;rbs_spacer=None;gc_cont=0.460
2:806620-807303|+    -            228 430176at2            -            369   0.00098   17.8   0.0   1   1     1e-06    0.0015   17.2   0.0    73   133   140   204   134   223 0.76 2_1745 # 806620 # 807303 # 1 # ID=2_1745;partial=00;start_type=ATG;rbs_motif=None;rbs_spacer=None;gc_cont=0.496
2:807538-807819|+    -             94 430176at2            -            369     0.033   12.7   0.0   1   1   2.4e-05     0.035   12.7   0.0   252   303    16    64     8    89 0.75 2_1746 # 807538 # 807819 # 1 # ID=2_1746;partial=00;start_type=ATG;rbs_motif=None;rbs_spacer=None;gc_cont=0.500
#
# Program:         hmmsearch
# Version:         3.4 (Aug 2023)
# Pipeline mode:   SEARCH
# Query file:      /home/kpchuang/Documents/03_whole_genome_assembly/01_raw_reads/long_reads_assembly/busco_downloads/lineages/bacteria_odb10/hmms/430176at2.hmm
# Target file:     /home/kpchuang/Documents/03_whole_genome_assembly/01_raw_reads/long_reads_assembly/06_genome_quality_assessment/03_busco/long_reads_only_assembly/busco_results_long/prodigal_output/predicted_genes/predicted.faa
# Option settings: hmmsearch --domtblout /home/kpchuang/Documents/03_whole_genome_assembly/01_raw_reads/long_reads_assembly/06_genome_quality_assessment/03_busco/long_reads_only_assembly/busco_results_long/run_bacteria_odb10/hmmer_output/430176at2.out --cpu 1 /home/kpchuang/Documents/03_whole_genome_assembly/01_raw_reads/long_reads_assembly/busco_downloads/lineages/bacteria_odb10/hmms/430176at2.hmm /home/kpchuang/Documents/03_whole_genome_assembly/01_raw_reads/long_reads_assembly/06_genome_quality_assessment/03_busco/long_reads_only_assembly/busco_results_long/prodigal_output/predicted_genes/predicted.faa 
# Current dir:     /home/kpchuang/Documents/03_whole_genome_assembly/01_raw_reads/long_reads_assembly
# Date:            Sun Jan  4 15:52:24 2026
# [ok]
