#                                                                            --- full sequence --- -------------- this domain -------------   hmm coord   ali coord   env coord
# target name        accession   tlen query name           accession   qlen   E-value  score  bias   #  of  c-Evalue  i-Evalue  score  bias  from    to  from    to  from    to  acc description of target
#------------------- ---------- ----- -------------------- ---------- ----- --------- ------ ----- --- --- --------- --------- ------ ----- ----- ----- ----- ----- ----- ----- ---- ---------------------
2:135505-136287|-    -            261 665824at2            -            547     3e-62  210.6   0.1   1   1   2.2e-65   3.8e-62  210.2   0.1   373   544    14   191     3   200 0.90 2_305 # 135505 # 136287 # -1 # ID=2_305;partial=00;start_type=GTG;rbs_motif=None;rbs_spacer=None;gc_cont=0.464
2:136340-136921|-    -            194 665824at2            -            547   1.7e-34  119.0   0.0   1   1   1.2e-37     2e-34  118.7   0.0     6   120     6   137     1   140 0.96 2_306 # 136340 # 136921 # -1 # ID=2_306;partial=00;start_type=ATG;rbs_motif=AAAAAA;rbs_spacer=4bp;gc_cont=0.467
1:348478-349107|-    -            210 665824at2            -            547   7.1e-19   67.4   0.1   1   1   4.8e-22   8.2e-19   67.2   0.1   388   532    50   189    21   205 0.85 1_785 # 348478 # 349107 # -1 # ID=1_785;partial=00;start_type=ATG;rbs_motif=AAAAA;rbs_spacer=13bp;gc_cont=0.424
1:349085-349660|-    -            192 665824at2            -            547   1.1e-15   56.9   0.0   1   1   7.6e-19   1.3e-15   56.6   0.0    35   179     6   152     2   171 0.87 1_786 # 349085 # 349660 # -1 # ID=1_786;partial=00;start_type=ATG;rbs_motif=AAGAA;rbs_spacer=12bp;gc_cont=0.436
1:1056274-1056768|+  -            165 665824at2            -            547   5.5e-05   21.5   0.0   1   1   3.3e-08   5.5e-05   21.5   0.0   102   204     7   112     1   151 0.86 1_2323 # 1056274 # 1056768 # 1 # ID=1_2323;partial=00;start_type=ATG;rbs_motif=AAA;rbs_spacer=9bp;gc_cont=0.471
1:1841691-1841951|-  -             87 665824at2            -            547    0.0071   14.6   0.0   1   1   4.2e-06    0.0071   14.6   0.0   442   490    24    71     6    79 0.87 1_4038 # 1841691 # 1841951 # -1 # ID=1_4038;partial=00;start_type=ATG;rbs_motif=None;rbs_spacer=None;gc_cont=0.464
2:305134-305460|-    -            109 665824at2            -            547      0.01   14.1   0.0   1   1   6.1e-06      0.01   14.1   0.0   279   353     7    86     1   102 0.83 2_668 # 305134 # 305460 # -1 # ID=2_668;partial=00;start_type=GTG;rbs_motif=AAAA;rbs_spacer=5bp;gc_cont=0.431
#
# Program:         hmmsearch
# Version:         3.4 (Aug 2023)
# Pipeline mode:   SEARCH
# Query file:      /home/kpchuang/Documents/03_whole_genome_assembly/01_raw_reads/long_reads_assembly/busco_downloads/lineages/bacteria_odb10/hmms/665824at2.hmm
# Target file:     /home/kpchuang/Documents/03_whole_genome_assembly/01_raw_reads/long_reads_assembly/06_genome_quality_assessment/03_busco/long_reads_only_assembly/busco_results_long/prodigal_output/predicted_genes/predicted.faa
# Option settings: hmmsearch --domtblout /home/kpchuang/Documents/03_whole_genome_assembly/01_raw_reads/long_reads_assembly/06_genome_quality_assessment/03_busco/long_reads_only_assembly/busco_results_long/run_bacteria_odb10/hmmer_output/665824at2.out --cpu 1 /home/kpchuang/Documents/03_whole_genome_assembly/01_raw_reads/long_reads_assembly/busco_downloads/lineages/bacteria_odb10/hmms/665824at2.hmm /home/kpchuang/Documents/03_whole_genome_assembly/01_raw_reads/long_reads_assembly/06_genome_quality_assessment/03_busco/long_reads_only_assembly/busco_results_long/prodigal_output/predicted_genes/predicted.faa 
# Current dir:     /home/kpchuang/Documents/03_whole_genome_assembly/01_raw_reads/long_reads_assembly
# Date:            Sun Jan  4 15:52:24 2026
# [ok]
