#                                                                            --- full sequence --- -------------- this domain -------------   hmm coord   ali coord   env coord
# target name        accession   tlen query name           accession   qlen   E-value  score  bias   #  of  c-Evalue  i-Evalue  score  bias  from    to  from    to  from    to  acc description of target
#------------------- ---------- ----- -------------------- ---------- ----- --------- ------ ----- --- --- --------- --------- ------ ----- ----- ----- ----- ----- ----- ----- ---- ---------------------
3:200580-201299|+    -            240 837522at2            -            420  3.3e-105  351.7   4.0   1   2   1.6e-67   1.8e-64  217.5   0.4   145   272     7   144     2   151 0.94 3_447 # 200580 # 201299 # 1 # ID=3_447;partial=00;start_type=GTG;rbs_motif=None;rbs_spacer=None;gc_cont=0.460
3:200580-201299|+    -            240 837522at2            -            420  3.3e-105  351.7   4.0   2   2   1.1e-42   1.3e-39  135.7   0.3   268   343   161   236   157   239 0.94 3_447 # 200580 # 201299 # 1 # ID=3_447;partial=00;start_type=GTG;rbs_motif=None;rbs_spacer=None;gc_cont=0.460
3:200067-200483|+    -            139 837522at2            -            420     2e-28   98.8   0.5   1   1     2e-31   2.4e-28   98.5   0.5     8    98    25   123    18   136 0.90 3_446 # 200067 # 200483 # 1 # ID=3_446;partial=00;start_type=ATG;rbs_motif=AAAA;rbs_spacer=3bp;gc_cont=0.477
2:452732-453367|-    -            212 837522at2            -            420     7e-16   57.5   0.0   1   1   6.7e-19   7.9e-16   57.3   0.0   116   287     2   186     1   195 0.82 2_978 # 452732 # 453367 # -1 # ID=2_978;partial=00;start_type=TTG;rbs_motif=AAAAAA;rbs_spacer=15bp;gc_cont=0.484
2:451313-452212|-    -            300 837522at2            -            420   1.3e-12   46.7   0.0   1   1   1.3e-15   1.6e-12   46.4   0.0    34   268    30   281     3   284 0.82 2_976 # 451313 # 452212 # -1 # ID=2_976;partial=00;start_type=ATG;rbs_motif=AATAA;rbs_spacer=4bp;gc_cont=0.472
3:195316-195699|+    -            128 837522at2            -            420   4.9e-05   21.7   0.1   1   1   4.8e-08   5.7e-05   21.5   0.1    45   106    53   118    31   124 0.81 3_436 # 195316 # 195699 # 1 # ID=3_436;partial=00;start_type=ATG;rbs_motif=AAAAAA;rbs_spacer=10bp;gc_cont=0.435
2:806620-807303|+    -            228 837522at2            -            420   6.3e-05   21.4   0.0   1   1   7.2e-08   8.6e-05   20.9   0.0   121   179   140   203   135   211 0.72 2_1745 # 806620 # 807303 # 1 # ID=2_1745;partial=00;start_type=ATG;rbs_motif=None;rbs_spacer=None;gc_cont=0.496
3:201350-201574|+    -             75 837522at2            -            420   0.00017   20.0   0.0   1   1   1.6e-07   0.00019   19.8   0.0   370   416     8    59     2    63 0.79 3_448 # 201350 # 201574 # 1 # ID=3_448;partial=00;start_type=ATG;rbs_motif=None;rbs_spacer=None;gc_cont=0.444
3:196149-196835|+    -            229 837522at2            -            420   0.00092   17.5   0.1   1   1   8.5e-07     0.001   17.4   0.1   226   357     5   136     1   188 0.79 3_438 # 196149 # 196835 # 1 # ID=3_438;partial=00;start_type=TTG;rbs_motif=None;rbs_spacer=None;gc_cont=0.466
3:195714-196007|+    -             98 837522at2            -            420     0.029   12.6   0.0   1   1   2.6e-05     0.031   12.5   0.0   116   187     2    77     1    88 0.82 3_437 # 195714 # 196007 # 1 # ID=3_437;partial=00;start_type=GTG;rbs_motif=None;rbs_spacer=None;gc_cont=0.408
1:500853-501011|+    -             53 837522at2            -            420     0.055   11.7   0.0   1   1   4.8e-05     0.057   11.6   0.0    42    84     4    46     1    51 0.93 1_1092 # 500853 # 501011 # 1 # ID=1_1092;partial=00;start_type=GTG;rbs_motif=AATAA;rbs_spacer=13bp;gc_cont=0.459
#
# Program:         hmmsearch
# Version:         3.4 (Aug 2023)
# Pipeline mode:   SEARCH
# Query file:      /home/kpchuang/Documents/03_whole_genome_assembly/01_raw_reads/long_reads_assembly/busco_downloads/lineages/bacteria_odb10/hmms/837522at2.hmm
# Target file:     /home/kpchuang/Documents/03_whole_genome_assembly/01_raw_reads/long_reads_assembly/06_genome_quality_assessment/03_busco/long_reads_only_assembly/busco_results_long/prodigal_output/predicted_genes/predicted.faa
# Option settings: hmmsearch --domtblout /home/kpchuang/Documents/03_whole_genome_assembly/01_raw_reads/long_reads_assembly/06_genome_quality_assessment/03_busco/long_reads_only_assembly/busco_results_long/run_bacteria_odb10/hmmer_output/837522at2.out --cpu 1 /home/kpchuang/Documents/03_whole_genome_assembly/01_raw_reads/long_reads_assembly/busco_downloads/lineages/bacteria_odb10/hmms/837522at2.hmm /home/kpchuang/Documents/03_whole_genome_assembly/01_raw_reads/long_reads_assembly/06_genome_quality_assessment/03_busco/long_reads_only_assembly/busco_results_long/prodigal_output/predicted_genes/predicted.faa 
# Current dir:     /home/kpchuang/Documents/03_whole_genome_assembly/01_raw_reads/long_reads_assembly
# Date:            Sun Jan  4 15:52:24 2026
# [ok]
