#                                                                            --- full sequence --- -------------- this domain -------------   hmm coord   ali coord   env coord
# target name        accession   tlen query name           accession   qlen   E-value  score  bias   #  of  c-Evalue  i-Evalue  score  bias  from    to  from    to  from    to  acc description of target
#------------------- ---------- ----- -------------------- ---------- ----- --------- ------ ----- --- --- --------- --------- ------ ----- ----- ----- ----- ----- ----- ----- ---- ---------------------
1:2130914-2131666|-  -            251 874197at2            -            274   5.5e-92  307.2   0.0   1   1   8.3e-95   8.9e-92  306.5   0.0    46   261     6   249     2   250 0.92 1_4648 # 2130914 # 2131666 # -1 # ID=1_4648;partial=00;start_type=ATG;rbs_motif=None;rbs_spacer=None;gc_cont=0.503
1:114985-115236|+    -             84 874197at2            -            274     5e-07   28.5   0.0   1   1     5e-10   5.4e-07   28.4   0.0    42   100     2    67     1    82 0.69 1_241 # 114985 # 115236 # 1 # ID=1_241;partial=00;start_type=GTG;rbs_motif=None;rbs_spacer=None;gc_cont=0.500
1:1352676-1353557|+  -            294 874197at2            -            274   0.00021   19.9   0.0   1   1     3e-07   0.00033   19.3   0.0    33    64   221   252   183   262 0.71 1_2965 # 1352676 # 1353557 # 1 # ID=1_2965;partial=00;start_type=ATG;rbs_motif=None;rbs_spacer=None;gc_cont=0.438
1:1442924-1443256|-  -            111 874197at2            -            274    0.0022   16.6   0.1   1   1   2.7e-06    0.0029   16.2   0.1    35    88    26    80     9   104 0.80 1_3165 # 1442924 # 1443256 # -1 # ID=1_3165;partial=00;start_type=TTG;rbs_motif=None;rbs_spacer=None;gc_cont=0.468
1:1440388-1440645|+  -             86 874197at2            -            274     0.012   14.2   0.0   1   1   1.2e-05     0.013   14.0   0.0    21    67     8    57     2    67 0.74 1_3159 # 1440388 # 1440645 # 1 # ID=1_3159;partial=00;start_type=ATG;rbs_motif=AAAA;rbs_spacer=12bp;gc_cont=0.461
1:1211520-1211972|+  -            151 874197at2            -            274     0.012   14.2   0.0   1   1   1.4e-05     0.015   13.9   0.0    30    52    30    52    18    85 0.87 1_2666 # 1211520 # 1211972 # 1 # ID=1_2666;partial=00;start_type=TTG;rbs_motif=None;rbs_spacer=None;gc_cont=0.503
1:1796072-1796617|-  -            182 874197at2            -            274     0.033   12.7   0.1   1   1   3.6e-05     0.039   12.5   0.1    38   141    30   132    14   152 0.71 1_3940 # 1796072 # 1796617 # -1 # ID=1_3940;partial=00;start_type=ATG;rbs_motif=AAAAA;rbs_spacer=12bp;gc_cont=0.452
1:3333493-3334278|-  -            262 874197at2            -            274     0.047   12.2   0.0   1   2   0.00011      0.12   10.9   0.0    27    59    39    72    33   113 0.79 1_7225 # 3333493 # 3334278 # -1 # ID=1_7225;partial=00;start_type=GTG;rbs_motif=None;rbs_spacer=None;gc_cont=0.497
1:3333493-3334278|-  -            262 874197at2            -            274     0.047   12.2   0.0   2   2         1   1.1e+03   -2.1   0.0    89   111   206   228   188   237 0.78 1_7225 # 3333493 # 3334278 # -1 # ID=1_7225;partial=00;start_type=GTG;rbs_motif=None;rbs_spacer=None;gc_cont=0.497
1:1197355-1197903|+  -            183 874197at2            -            274     0.054   12.0   0.0   1   1   9.2e-05     0.099   11.2   0.0    37    65    35    63    28    75 0.85 1_2632 # 1197355 # 1197903 # 1 # ID=1_2632;partial=00;start_type=GTG;rbs_motif=AATAA;rbs_spacer=9bp;gc_cont=0.426
2:107044-107370|-    -            109 874197at2            -            274     0.057   12.0   0.0   1   1   6.5e-05     0.069   11.7   0.0    76    99    31    56     3    69 0.78 2_241 # 107044 # 107370 # -1 # ID=2_241;partial=00;start_type=GTG;rbs_motif=AAAA;rbs_spacer=3bp;gc_cont=0.434
5:15629-15889|+      -             87 874197at2            -            274     0.063   11.8   0.0   1   1     6e-05     0.065   11.8   0.0    33    60     2    29     1    58 0.80 5_33 # 15629 # 15889 # 1 # ID=5_33;partial=00;start_type=ATG;rbs_motif=AATAA;rbs_spacer=8bp;gc_cont=0.345
#
# Program:         hmmsearch
# Version:         3.4 (Aug 2023)
# Pipeline mode:   SEARCH
# Query file:      /home/kpchuang/Documents/03_whole_genome_assembly/01_raw_reads/long_reads_assembly/busco_downloads/lineages/bacteria_odb10/hmms/874197at2.hmm
# Target file:     /home/kpchuang/Documents/03_whole_genome_assembly/01_raw_reads/long_reads_assembly/06_genome_quality_assessment/03_busco/long_reads_only_assembly/busco_results_long/prodigal_output/predicted_genes/predicted.faa
# Option settings: hmmsearch --domtblout /home/kpchuang/Documents/03_whole_genome_assembly/01_raw_reads/long_reads_assembly/06_genome_quality_assessment/03_busco/long_reads_only_assembly/busco_results_long/run_bacteria_odb10/hmmer_output/874197at2.out --cpu 1 /home/kpchuang/Documents/03_whole_genome_assembly/01_raw_reads/long_reads_assembly/busco_downloads/lineages/bacteria_odb10/hmms/874197at2.hmm /home/kpchuang/Documents/03_whole_genome_assembly/01_raw_reads/long_reads_assembly/06_genome_quality_assessment/03_busco/long_reads_only_assembly/busco_results_long/prodigal_output/predicted_genes/predicted.faa 
# Current dir:     /home/kpchuang/Documents/03_whole_genome_assembly/01_raw_reads/long_reads_assembly
# Date:            Sun Jan  4 15:52:24 2026
# [ok]
