#                                                                            --- full sequence --- -------------- this domain -------------   hmm coord   ali coord   env coord
# target name        accession   tlen query name           accession   qlen   E-value  score  bias   #  of  c-Evalue  i-Evalue  score  bias  from    to  from    to  from    to  acc description of target
#------------------- ---------- ----- -------------------- ---------- ----- --------- ------ ----- --- --- --------- --------- ------ ----- ----- ----- ----- ----- ----- ----- ---- ---------------------
2:315094-315558|+    -            155 95696at2             -            490   1.4e-53  181.7   0.1   1   1   2.3e-56   1.6e-53  181.4   0.1     1    99    33   131    33   135 0.97 2_690 # 315094 # 315558 # 1 # ID=2_690;partial=00;start_type=ATG;rbs_motif=AAAAAA;rbs_spacer=5bp;gc_cont=0.424
2:316520-317125|+    -            202 95696at2             -            490   3.3e-44  150.7   0.6   1   2   4.7e-47   3.3e-44  150.7   0.6   373   468     5   102     3   116 0.94 2_695 # 316520 # 317125 # 1 # ID=2_695;partial=00;start_type=ATG;rbs_motif=None;rbs_spacer=None;gc_cont=0.479
2:316520-317125|+    -            202 95696at2             -            490   3.3e-44  150.7   0.6   2   2      0.16   1.1e+02    0.6   0.1   463   490   160   188   145   188 0.78 2_695 # 316520 # 317125 # 1 # ID=2_695;partial=00;start_type=ATG;rbs_motif=None;rbs_spacer=None;gc_cont=0.479
2:315834-316082|+    -             83 95696at2             -            490   9.7e-20   70.1   0.1   1   1   1.4e-22   9.9e-20   70.0   0.1   178   244     8    81     1    82 0.87 2_692 # 315834 # 316082 # 1 # ID=2_692;partial=00;start_type=ATG;rbs_motif=None;rbs_spacer=None;gc_cont=0.434
2:316390-316557|+    -             56 95696at2             -            490     2e-14   52.6   0.4   1   1   2.8e-17     2e-14   52.6   0.4   333   374     8    49     1    53 0.89 2_694 # 316390 # 316557 # 1 # ID=2_694;partial=00;start_type=ATG;rbs_motif=None;rbs_spacer=None;gc_cont=0.405
2:315497-315745|+    -             83 95696at2             -            490   5.4e-11   41.2   0.5   1   2   1.1e-05    0.0076   14.3   0.1   103   126     2    26     1    35 0.77 2_691 # 315497 # 315745 # 1 # ID=2_691;partial=00;start_type=GTG;rbs_motif=AAAAA;rbs_spacer=3bp;gc_cont=0.438
2:315497-315745|+    -             83 95696at2             -            490   5.4e-11   41.2   0.5   2   2   2.7e-09   1.9e-06   26.2   0.0   115   157    33    81    26    82 0.77 2_691 # 315497 # 315745 # 1 # ID=2_691;partial=00;start_type=GTG;rbs_motif=AAAAA;rbs_spacer=3bp;gc_cont=0.438
2:316170-316322|+    -             51 95696at2             -            490   5.7e-11   41.1   0.0   1   1   8.7e-14   6.1e-11   41.0   0.0   275   305     1    36     1    43 0.89 2_693 # 316170 # 316322 # 1 # ID=2_693;partial=00;start_type=GTG;rbs_motif=AAAA;rbs_spacer=8bp;gc_cont=0.490
1:2664844-2665122|+  -             93 95696at2             -            490   5.3e-08   31.3   0.0   1   1   8.7e-11     6e-08   31.1   0.0   377   435    14    79     2    85 0.81 1_5785 # 2664844 # 2665122 # 1 # ID=1_5785;partial=00;start_type=ATG;rbs_motif=None;rbs_spacer=None;gc_cont=0.480
4:160155-160487|-    -            111 95696at2             -            490   1.5e-07   29.8   0.6   1   1   2.4e-10   1.7e-07   29.7   0.6   361   464     4   104     1   109 0.84 4_379 # 160155 # 160487 # -1 # ID=4_379;partial=00;start_type=ATG;rbs_motif=AAAAA;rbs_spacer=9bp;gc_cont=0.387
1:2800534-2801559|+  -            342 95696at2             -            490   1.2e-05   23.5   0.0   1   2       1.8   1.2e+03   -2.9   0.0     7    56    13    62     9    64 0.77 1_6057 # 2800534 # 2801559 # 1 # ID=1_6057;partial=00;start_type=TTG;rbs_motif=None;rbs_spacer=None;gc_cont=0.462
1:2800534-2801559|+  -            342 95696at2             -            490   1.2e-05   23.5   0.0   2   2   3.9e-08   2.7e-05   22.4   0.0   339   420   207   290   179   302 0.85 1_6057 # 2800534 # 2801559 # 1 # ID=1_6057;partial=00;start_type=TTG;rbs_motif=None;rbs_spacer=None;gc_cont=0.462
2:684867-685151|-    -             95 95696at2             -            490   0.00018   19.7   0.0   1   1     3e-07   0.00021   19.5   0.0   362   442    10    86     5    89 0.86 2_1452 # 684867 # 685151 # -1 # ID=2_1452;partial=00;start_type=ATG;rbs_motif=None;rbs_spacer=None;gc_cont=0.446
1:380665-381021|+    -            119 95696at2             -            490   0.00044   18.4   0.0   1   1   6.6e-07   0.00046   18.4   0.0   335   408     6    79     2   108 0.94 1_856 # 380665 # 381021 # 1 # ID=1_856;partial=00;start_type=TTG;rbs_motif=AAAAAA;rbs_spacer=15bp;gc_cont=0.510
1:3113796-3114200|-  -            135 95696at2             -            490    0.0011   17.0   0.0   1   1   1.9e-06    0.0013   16.8   0.0   339   413    12    86     2   108 0.87 1_6736 # 3113796 # 3114200 # -1 # ID=1_6736;partial=00;start_type=TTG;rbs_motif=AATAA;rbs_spacer=9bp;gc_cont=0.494
1:3077684-3079471|+  -            596 95696at2             -            490     0.012   13.7   0.3   1   3      0.03        21    3.0   0.1     5    47   283   328   281   339 0.78 1_6651 # 3077684 # 3079471 # 1 # ID=1_6651;partial=00;start_type=GTG;rbs_motif=None;rbs_spacer=None;gc_cont=0.432
1:3077684-3079471|+  -            596 95696at2             -            490     0.012   13.7   0.3   2   3    0.0033       2.3    6.1   0.2   345   398   317   370   313   396 0.80 1_6651 # 3077684 # 3079471 # 1 # ID=1_6651;partial=00;start_type=GTG;rbs_motif=None;rbs_spacer=None;gc_cont=0.432
1:3077684-3079471|+  -            596 95696at2             -            490     0.012   13.7   0.3   3   3     0.013       9.3    4.1   0.0   362   433   502   573   485   589 0.74 1_6651 # 3077684 # 3079471 # 1 # ID=1_6651;partial=00;start_type=GTG;rbs_motif=None;rbs_spacer=None;gc_cont=0.432
1:2663857-2664369|+  -            171 95696at2             -            490     0.013   13.5   0.0   1   2   0.00024      0.16    9.9   0.0     3    48    37    85    35    91 0.86 1_5783 # 2663857 # 2664369 # 1 # ID=1_5783;partial=00;start_type=TTG;rbs_motif=AAA;rbs_spacer=8bp;gc_cont=0.507
1:2663857-2664369|+  -            171 95696at2             -            490     0.013   13.5   0.0   2   2     0.072        50    1.7   0.0   366   395    91   121    85   129 0.84 1_5783 # 2663857 # 2664369 # 1 # ID=1_5783;partial=00;start_type=TTG;rbs_motif=AAA;rbs_spacer=8bp;gc_cont=0.507
1:2123048-2123410|+  -            121 95696at2             -            490     0.034   12.2   0.0   1   1   4.9e-05     0.034   12.2   0.0   360   409     4    53     1   114 0.77 1_4634 # 2123048 # 2123410 # 1 # ID=1_4634;partial=00;start_type=ATG;rbs_motif=None;rbs_spacer=None;gc_cont=0.523
1:532584-533093|-    -            170 95696at2             -            490     0.067   11.2   0.1   1   2   0.00038      0.27    9.2   0.1     6    45     2    47     1    57 0.71 1_1171 # 532584 # 533093 # -1 # ID=1_1171;partial=00;start_type=ATG;rbs_motif=AACAA;rbs_spacer=15bp;gc_cont=0.420
1:532584-533093|-    -            170 95696at2             -            490     0.067   11.2   0.1   2   2      0.31   2.1e+02   -0.3   0.0   232   254    82   106    66   117 0.65 1_1171 # 532584 # 533093 # -1 # ID=1_1171;partial=00;start_type=ATG;rbs_motif=AACAA;rbs_spacer=15bp;gc_cont=0.420
3:51356-51889|+      -            178 95696at2             -            490     0.082   10.9   0.0   1   1   0.00014       0.1   10.6   0.0   374   408     5    39     1    60 0.88 3_102 # 51356 # 51889 # 1 # ID=3_102;partial=00;start_type=ATG;rbs_motif=None;rbs_spacer=None;gc_cont=0.485
#
# Program:         hmmsearch
# Version:         3.4 (Aug 2023)
# Pipeline mode:   SEARCH
# Query file:      /home/kpchuang/Documents/03_whole_genome_assembly/01_raw_reads/long_reads_assembly/busco_downloads/lineages/bacteria_odb10/hmms/95696at2.hmm
# Target file:     /home/kpchuang/Documents/03_whole_genome_assembly/01_raw_reads/long_reads_assembly/06_genome_quality_assessment/03_busco/long_reads_only_assembly/busco_results_long/prodigal_output/predicted_genes/predicted.faa
# Option settings: hmmsearch --domtblout /home/kpchuang/Documents/03_whole_genome_assembly/01_raw_reads/long_reads_assembly/06_genome_quality_assessment/03_busco/long_reads_only_assembly/busco_results_long/run_bacteria_odb10/hmmer_output/95696at2.out --cpu 1 /home/kpchuang/Documents/03_whole_genome_assembly/01_raw_reads/long_reads_assembly/busco_downloads/lineages/bacteria_odb10/hmms/95696at2.hmm /home/kpchuang/Documents/03_whole_genome_assembly/01_raw_reads/long_reads_assembly/06_genome_quality_assessment/03_busco/long_reads_only_assembly/busco_results_long/prodigal_output/predicted_genes/predicted.faa 
# Current dir:     /home/kpchuang/Documents/03_whole_genome_assembly/01_raw_reads/long_reads_assembly
# Date:            Sun Jan  4 15:52:25 2026
# [ok]
