#                                                                            --- full sequence --- -------------- this domain -------------   hmm coord   ali coord   env coord
# target name        accession   tlen query name           accession   qlen   E-value  score  bias   #  of  c-Evalue  i-Evalue  score  bias  from    to  from    to  from    to  acc description of target
#------------------- ---------- ----- -------------------- ---------- ----- --------- ------ ----- --- --- --------- --------- ------ ----- ----- ----- ----- ----- ----- ----- ---- ---------------------
1:2683217-2684050|+  -            278 9601at2              -            826   6.4e-91  305.1   0.3   1   2   1.1e-63   2.1e-60  204.1   0.0   240   342     1   103     1   138 0.89 1_5821 # 2683217 # 2684050 # 1 # ID=1_5821;partial=00;start_type=TTG;rbs_motif=None;rbs_spacer=None;gc_cont=0.447
1:2683217-2684050|+  -            278 9601at2              -            826   6.4e-91  305.1   0.3   2   2   6.2e-32   1.2e-28   99.0   0.1   356   431   159   244   151   265 0.80 1_5821 # 2683217 # 2684050 # 1 # ID=1_5821;partial=00;start_type=TTG;rbs_motif=None;rbs_spacer=None;gc_cont=0.447
1:2685233-2685673|+  -            147 9601at2              -            826   3.9e-66  223.1   0.0   1   1   2.3e-69   4.6e-66  222.8   0.0   701   826    14   145     8   145 0.96 1_5824 # 2685233 # 2685673 # 1 # ID=1_5824;partial=00;start_type=TTG;rbs_motif=None;rbs_spacer=None;gc_cont=0.463
1:2684106-2684501|+  -            132 9601at2              -            826   7.1e-60  202.4   0.1   1   1   4.2e-63   8.3e-60  202.1   0.1   457   581     1   126     1   130 0.97 1_5822 # 2684106 # 2684501 # 1 # ID=1_5822;partial=00;start_type=TTG;rbs_motif=AAA;rbs_spacer=9bp;gc_cont=0.449
1:2682208-2682972|+  -            255 9601at2              -            826   3.4e-48  163.7   0.4   1   2   3.7e-37   7.4e-34  116.3   0.0    44   141     3   107     1   128 0.85 1_5819 # 2682208 # 2682972 # 1 # ID=1_5819;partial=00;start_type=GTG;rbs_motif=None;rbs_spacer=None;gc_cont=0.418
1:2682208-2682972|+  -            255 9601at2              -            826   3.4e-48  163.7   0.4   2   2   6.2e-16   1.2e-12   46.1   0.0   129   179   203   253   149   254 0.82 1_5819 # 2682208 # 2682972 # 1 # ID=1_5819;partial=00;start_type=GTG;rbs_motif=None;rbs_spacer=None;gc_cont=0.418
1:2684593-2685213|+  -            207 9601at2              -            826   1.2e-42  145.3   0.5   1   1   8.4e-46   1.7e-42  144.9   0.5   607   692   112   197   102   205 0.94 1_5823 # 2684593 # 2685213 # 1 # ID=1_5823;partial=00;start_type=TTG;rbs_motif=AAAA;rbs_spacer=13bp;gc_cont=0.433
1:2682975-2683220|+  -             82 9601at2              -            826   6.1e-18   63.7   2.5   1   1   3.5e-21   6.9e-18   63.5   2.5   176   232     8    70     3    79 0.89 1_5820 # 2682975 # 2683220 # 1 # ID=1_5820;partial=00;start_type=TTG;rbs_motif=AAAA;rbs_spacer=7bp;gc_cont=0.419
#
# Program:         hmmsearch
# Version:         3.4 (Aug 2023)
# Pipeline mode:   SEARCH
# Query file:      /home/kpchuang/Documents/03_whole_genome_assembly/01_raw_reads/long_reads_assembly/busco_downloads/lineages/bacteria_odb10/hmms/9601at2.hmm
# Target file:     /home/kpchuang/Documents/03_whole_genome_assembly/01_raw_reads/long_reads_assembly/06_genome_quality_assessment/03_busco/long_reads_only_assembly/busco_results_long/prodigal_output/predicted_genes/predicted.faa
# Option settings: hmmsearch --domtblout /home/kpchuang/Documents/03_whole_genome_assembly/01_raw_reads/long_reads_assembly/06_genome_quality_assessment/03_busco/long_reads_only_assembly/busco_results_long/run_bacteria_odb10/hmmer_output/9601at2.out --cpu 1 /home/kpchuang/Documents/03_whole_genome_assembly/01_raw_reads/long_reads_assembly/busco_downloads/lineages/bacteria_odb10/hmms/9601at2.hmm /home/kpchuang/Documents/03_whole_genome_assembly/01_raw_reads/long_reads_assembly/06_genome_quality_assessment/03_busco/long_reads_only_assembly/busco_results_long/prodigal_output/predicted_genes/predicted.faa 
# Current dir:     /home/kpchuang/Documents/03_whole_genome_assembly/01_raw_reads/long_reads_assembly
# Date:            Sun Jan  4 15:52:24 2026
# [ok]
