#                                                                            --- full sequence --- -------------- this domain -------------   hmm coord   ali coord   env coord
# target name        accession   tlen query name           accession   qlen   E-value  score  bias   #  of  c-Evalue  i-Evalue  score  bias  from    to  from    to  from    to  acc description of target
#------------------- ---------- ----- -------------------- ---------- ----- --------- ------ ----- --- --- --------- --------- ------ ----- ----- ----- ----- ----- ----- ----- ---- ---------------------
1:2789618-2789815|+  -             66 984717at2            -            224   1.6e-21   76.3   0.2   1   1   1.8e-24   1.7e-21   76.1   0.2     1    52     6    58     6    64 0.92 1_6032 # 2789618 # 2789815 # 1 # ID=1_6032;partial=00;start_type=ATG;rbs_motif=AATAA;rbs_spacer=10bp;gc_cont=0.414
1:2789766-2790338|+  -            191 984717at2            -            224   1.8e-19   69.5   3.6   1   2   1.1e-07   0.00011   21.2   0.3    48   124     5    94     2   112 0.76 1_6033 # 2789766 # 2790338 # 1 # ID=1_6033;partial=00;start_type=ATG;rbs_motif=None;rbs_spacer=None;gc_cont=0.412
1:2789766-2790338|+  -            191 984717at2            -            224   1.8e-19   69.5   3.6   2   2   8.2e-16     8e-13   47.8   0.5   112   176   109   189    94   190 0.80 1_6033 # 2789766 # 2790338 # 1 # ID=1_6033;partial=00;start_type=ATG;rbs_motif=None;rbs_spacer=None;gc_cont=0.412
1:2790553-2790993|+  -            147 984717at2            -            224   1.4e-15   56.8   0.6   1   1   3.4e-18   3.3e-15   55.6   0.6     2   104     5   124     4   130 0.71 1_6034 # 2790553 # 2790993 # 1 # ID=1_6034;partial=00;start_type=ATG;rbs_motif=AAAAA;rbs_spacer=15bp;gc_cont=0.456
1:3612505-3613359|-  -            285 984717at2            -            224   5.8e-14   51.5   1.3   1   1   2.1e-16     2e-13   49.7   1.2     2   106   125   246   124   263 0.72 1_7840 # 3612505 # 3613359 # -1 # ID=1_7840;partial=00;start_type=ATG;rbs_motif=None;rbs_spacer=None;gc_cont=0.425
1:2791026-2791262|+  -             79 984717at2            -            224   1.2e-11   43.9   0.0   1   1   1.4e-14   1.4e-11   43.7   0.0     3    59    20    77    18    78 0.92 1_6035 # 2791026 # 2791262 # 1 # ID=1_6035;partial=00;start_type=TTG;rbs_motif=None;rbs_spacer=None;gc_cont=0.401
1:3156653-3157201|-  -            183 984717at2            -            224   5.8e-10   38.4   0.0   1   1   8.8e-13   8.6e-10   37.9   0.0     2   106    12   130    11   139 0.71 1_6835 # 3156653 # 3157201 # -1 # ID=1_6835;partial=00;start_type=TTG;rbs_motif=None;rbs_spacer=None;gc_cont=0.497
1:1497447-1498520|-  -            358 984717at2            -            224   1.2e-08   34.2   1.4   1   2    0.0099       9.8    5.0   0.1    60   119    71   130    65   142 0.90 1_3286 # 1497447 # 1498520 # -1 # ID=1_3286;partial=00;start_type=ATG;rbs_motif=AATAA;rbs_spacer=13bp;gc_cont=0.475
1:1497447-1498520|-  -            358 984717at2            -            224   1.2e-08   34.2   1.4   2   2   1.3e-09   1.3e-06   27.5   0.1     2    84   217   305   216   345 0.67 1_3286 # 1497447 # 1498520 # -1 # ID=1_3286;partial=00;start_type=ATG;rbs_motif=AATAA;rbs_spacer=13bp;gc_cont=0.475
1:938470-938874|-    -            135 984717at2            -            224   3.9e-06   25.9   0.0   1   1     4e-09     4e-06   25.9   0.0     2    60     7    66     6   130 0.77 1_2049 # 938470 # 938874 # -1 # ID=1_2049;partial=00;start_type=TTG;rbs_motif=None;rbs_spacer=None;gc_cont=0.440
1:2252303-2252986|-  -            228 984717at2            -            224    0.0012   17.7   0.0   1   1   3.2e-06    0.0032   16.4   0.0     3    23     6    26     4    33 0.89 1_4923 # 2252303 # 2252986 # -1 # ID=1_4923;partial=00;start_type=ATG;rbs_motif=AAAAA;rbs_spacer=12bp;gc_cont=0.439
1:468221-469642|-    -            474 984717at2            -            224       0.1   11.4   2.4   1   2     0.019        19    4.0   0.4     3    22   194   213   192   215 0.92 1_1033 # 468221 # 469642 # -1 # ID=1_1033;partial=00;start_type=GTG;rbs_motif=None;rbs_spacer=None;gc_cont=0.474
1:468221-469642|-    -            474 984717at2            -            224       0.1   11.4   2.4   2   2    0.0025       2.4    7.0   0.1   109   150   422   464   396   469 0.84 1_1033 # 468221 # 469642 # -1 # ID=1_1033;partial=00;start_type=GTG;rbs_motif=None;rbs_spacer=None;gc_cont=0.474
1:1636065-1636277|+  -             71 984717at2            -            224      0.11   11.4   0.2   1   1   0.00014      0.14   11.0   0.2     1    19    32    50    32    52 0.94 1_3594 # 1636065 # 1636277 # 1 # ID=1_3594;partial=00;start_type=GTG;rbs_motif=None;rbs_spacer=None;gc_cont=0.408
1:641362-642333|-    -            324 984717at2            -            224      0.21   10.4   2.0   1   2      0.99   9.8e+02   -1.6   0.2   136   181    48    93    41    95 0.67 1_1408 # 641362 # 642333 # -1 # ID=1_1408;partial=00;start_type=GTG;rbs_motif=None;rbs_spacer=None;gc_cont=0.455
1:641362-642333|-    -            324 984717at2            -            224      0.21   10.4   2.0   2   2   0.00021      0.21   10.4   0.1     2    21    98   117    97   215 0.82 1_1408 # 641362 # 642333 # -1 # ID=1_1408;partial=00;start_type=GTG;rbs_motif=None;rbs_spacer=None;gc_cont=0.455
#
# Program:         hmmsearch
# Version:         3.4 (Aug 2023)
# Pipeline mode:   SEARCH
# Query file:      /home/kpchuang/Documents/03_whole_genome_assembly/01_raw_reads/long_reads_assembly/busco_downloads/lineages/bacteria_odb10/hmms/984717at2.hmm
# Target file:     /home/kpchuang/Documents/03_whole_genome_assembly/01_raw_reads/long_reads_assembly/06_genome_quality_assessment/03_busco/long_reads_only_assembly/busco_results_long/prodigal_output/predicted_genes/predicted.faa
# Option settings: hmmsearch --domtblout /home/kpchuang/Documents/03_whole_genome_assembly/01_raw_reads/long_reads_assembly/06_genome_quality_assessment/03_busco/long_reads_only_assembly/busco_results_long/run_bacteria_odb10/hmmer_output/984717at2.out --cpu 1 /home/kpchuang/Documents/03_whole_genome_assembly/01_raw_reads/long_reads_assembly/busco_downloads/lineages/bacteria_odb10/hmms/984717at2.hmm /home/kpchuang/Documents/03_whole_genome_assembly/01_raw_reads/long_reads_assembly/06_genome_quality_assessment/03_busco/long_reads_only_assembly/busco_results_long/prodigal_output/predicted_genes/predicted.faa 
# Current dir:     /home/kpchuang/Documents/03_whole_genome_assembly/01_raw_reads/long_reads_assembly
# Date:            Sun Jan  4 15:52:24 2026
# [ok]
